2025-01-01 09:41:33.038992: I tensorflow/core/util/port.cc:153] oneDNN custom operations are on. You may see slightly different numerical results due to floating-point round-off errors from different computation orders. To turn them off, set the environment variable `TF_ENABLE_ONEDNN_OPTS=0`.
2025-01-01 09:41:33.052255: E external/local_xla/xla/stream_executor/cuda/cuda_fft.cc:477] Unable to register cuFFT factory: Attempting to register factory for plugin cuFFT when one has already been registered
WARNING: All log messages before absl::InitializeLog() is called are written to STDERR
E0000 00:00:1735695693.068684 1660315 cuda_dnn.cc:8310] Unable to register cuDNN factory: Attempting to register factory for plugin cuDNN when one has already been registered
E0000 00:00:1735695693.073658 1660315 cuda_blas.cc:1418] Unable to register cuBLAS factory: Attempting to register factory for plugin cuBLAS when one has already been registered
2025-01-01 09:41:33.090120: I tensorflow/core/platform/cpu_feature_guard.cc:210] This TensorFlow binary is optimized to use available CPU instructions in performance-critical operations.
To enable the following instructions: AVX2 AVX512F AVX512_VNNI FMA, in other operations, rebuild TensorFlow with the appropriate compiler flags.
/home/user/Diffuse/test/main.py:42: FutureWarning: You are using `torch.load` with `weights_only=False` (the current default value), which uses the default pickle module implicitly. It is possible to construct malicious pickle data which will execute arbitrary code during unpickling (See https://github.com/pytorch/pytorch/blob/main/SECURITY.md#untrusted-models for more details). In a future release, the default value for `weights_only` will be flipped to `True`. This limits the functions that could be executed during unpickling. Arbitrary objects will no longer be allowed to be loaded via this mode unless they are explicitly allowlisted by the user via `torch.serialization.add_safe_globals`. We recommend you start setting `weights_only=True` for any use case where you don't have full control of the loaded file. Please open an issue on GitHub for any issues related to this experimental feature.
  model=torch.load("./models/CNNact_model_3.pt")
/home/user/Diffuse/test/main.py:43: FutureWarning: You are using `torch.load` with `weights_only=False` (the current default value), which uses the default pickle module implicitly. It is possible to construct malicious pickle data which will execute arbitrary code during unpickling (See https://github.com/pytorch/pytorch/blob/main/SECURITY.md#untrusted-models for more details). In a future release, the default value for `weights_only` will be flipped to `True`. This limits the functions that could be executed during unpickling. Arbitrary objects will no longer be allowed to be loaded via this mode unless they are explicitly allowlisted by the user via `torch.serialization.add_safe_globals`. We recommend you start setting `weights_only=True` for any use case where you don't have full control of the loaded file. Please open an issue on GitHub for any issues related to this experimental feature.
  encoder=torch.load("./models/CNNact_Encoder.pt")
loading data
prepare dataloader
data loaded
start training
epoch:0,loss:44.606268882751465,TimeCost:294.13913440704346
epoch:1,loss:43.06474208831787,TimeCost:591.4386188983917
epoch:2,loss:42.166354179382324,TimeCost:885.8282210826874
epoch:3,loss:41.451857566833496,TimeCost:1172.87304520607
epoch:4,loss:40.71525478363037,TimeCost:1459.5706017017365
epoch:5,loss:40.20947551727295,TimeCost:1732.7398235797882
epoch:6,loss:39.65452766418457,TimeCost:2013.4153130054474
epoch:7,loss:39.15620136260986,TimeCost:2293.186527967453
epoch:8,loss:38.66628170013428,TimeCost:2573.002219438553
epoch:9,loss:38.1634578704834,TimeCost:2851.801751613617
epoch:10,loss:37.64159107208252,TimeCost:3128.170852661133
epoch:11,loss:37.111454010009766,TimeCost:3403.255790948868
epoch:12,loss:36.57273864746094,TimeCost:3678.261040687561
epoch:13,loss:36.028594970703125,TimeCost:3951.6370611190796
epoch:14,loss:35.473538398742676,TimeCost:4221.793796539307
epoch:15,loss:34.91054725646973,TimeCost:4494.402521133423
epoch:16,loss:34.33933162689209,TimeCost:4768.446731328964
epoch:17,loss:33.7612943649292,TimeCost:5040.998615026474
epoch:18,loss:33.183420181274414,TimeCost:5308.780389308929
epoch:19,loss:32.90952205657959,TimeCost:5575.018470525742
epoch:20,loss:32.3348126411438,TimeCost:5845.520656824112
epoch:21,loss:31.924448490142822,TimeCost:6113.325241565704
epoch:22,loss:31.433387756347656,TimeCost:6382.057010412216
epoch:23,loss:30.975090503692627,TimeCost:6644.822314023972
epoch:24,loss:30.536569118499756,TimeCost:6914.945680141449
epoch:25,loss:30.12851905822754,TimeCost:7182.795001268387
epoch:26,loss:29.723170280456543,TimeCost:7445.70126080513
epoch:27,loss:29.311267852783203,TimeCost:7714.028799533844
epoch:28,loss:28.92619037628174,TimeCost:7980.9725253582
epoch:29,loss:28.556434154510498,TimeCost:8250.656801223755
epoch:30,loss:28.207412719726562,TimeCost:8518.513907432556
epoch:31,loss:27.86248016357422,TimeCost:8788.177990198135
epoch:32,loss:27.54607915878296,TimeCost:9057.865436792374
epoch:33,loss:27.222357749938965,TimeCost:9325.78938961029
epoch:34,loss:26.93583345413208,TimeCost:9591.831401109695
epoch:35,loss:26.755886554718018,TimeCost:9858.106758356094
epoch:36,loss:26.422961235046387,TimeCost:10119.981736183167
epoch:37,loss:26.142952919006348,TimeCost:10382.7323782444
epoch:38,loss:25.88105535507202,TimeCost:10643.802083492279
epoch:39,loss:25.634782314300537,TimeCost:10902.517168521881
epoch:40,loss:25.40088129043579,TimeCost:11162.111903905869
epoch:41,loss:25.17353105545044,TimeCost:11423.455041885376
epoch:42,loss:24.95687961578369,TimeCost:11685.830687522888
epoch:43,loss:24.746371746063232,TimeCost:11942.880633115768
epoch:44,loss:24.544373035430908,TimeCost:12201.990878105164
epoch:45,loss:24.348953247070312,TimeCost:12463.769295454025
epoch:46,loss:24.167282581329346,TimeCost:12726.43360710144
epoch:47,loss:23.988135814666748,TimeCost:12988.6944065094
epoch:48,loss:23.8268084526062,TimeCost:13250.701352119446
epoch:49,loss:23.72252893447876,TimeCost:13510.95842409134
epoch:50,loss:23.514175415039062,TimeCost:13775.613627910614
epoch:51,loss:23.361999988555908,TimeCost:14041.147753477097
epoch:52,loss:23.184499740600586,TimeCost:14307.521841049194
epoch:53,loss:23.082937240600586,TimeCost:14571.590973854065
epoch:54,loss:22.915448665618896,TimeCost:14831.689631462097
epoch:55,loss:22.781975746154785,TimeCost:15091.415011882782
epoch:56,loss:22.749020099639893,TimeCost:15354.081241130829
epoch:57,loss:22.595548152923584,TimeCost:15612.22979092598
epoch:58,loss:22.460220336914062,TimeCost:15873.925750255585
epoch:59,loss:22.335044860839844,TimeCost:16133.243504524231
epoch:60,loss:22.20848798751831,TimeCost:16393.396286964417
epoch:61,loss:22.116957187652588,TimeCost:16651.922505140305
epoch:62,loss:21.980172634124756,TimeCost:16910.109966754913
epoch:63,loss:21.895906448364258,TimeCost:17172.25434231758
epoch:64,loss:21.92042112350464,TimeCost:17433.784135341644
epoch:65,loss:21.77917194366455,TimeCost:17704.35753583908
epoch:66,loss:21.657562255859375,TimeCost:17968.101217985153
epoch:67,loss:21.581732749938965,TimeCost:18229.16128897667
epoch:68,loss:21.45848321914673,TimeCost:18501.217999219894
epoch:69,loss:21.37545394897461,TimeCost:18764.43824982643
epoch:70,loss:21.29420280456543,TimeCost:19031.09109377861
epoch:71,loss:21.24273443222046,TimeCost:19298.000579595566
epoch:72,loss:21.124886989593506,TimeCost:19564.280655145645
epoch:73,loss:21.181440353393555,TimeCost:19831.41492986679
epoch:74,loss:21.30032968521118,TimeCost:20098.445301294327
epoch:75,loss:21.104454040527344,TimeCost:20369.186598062515
epoch:76,loss:20.9761381149292,TimeCost:20636.685698270798
epoch:77,loss:20.86794090270996,TimeCost:20901.93979215622
epoch:78,loss:20.799335479736328,TimeCost:21166.65222620964
epoch:79,loss:20.710148334503174,TimeCost:21430.907814741135
epoch:80,loss:20.641777515411377,TimeCost:21697.48846745491
epoch:81,loss:20.575424671173096,TimeCost:21965.272489070892
epoch:82,loss:20.525063037872314,TimeCost:22224.509326696396
epoch:83,loss:20.454347610473633,TimeCost:22488.90348124504
epoch:84,loss:20.396350383758545,TimeCost:22753.548329114914
epoch:85,loss:20.37339162826538,TimeCost:23020.31642818451
epoch:86,loss:20.352676391601562,TimeCost:23281.640101909637
epoch:87,loss:20.24373435974121,TimeCost:23546.389914751053
epoch:88,loss:20.240214824676514,TimeCost:23812.453431129456
epoch:89,loss:20.300957679748535,TimeCost:24079.321840763092
epoch:90,loss:20.185657501220703,TimeCost:24341.664350748062
epoch:91,loss:20.0891432762146,TimeCost:24609.995667934418
epoch:92,loss:20.052839756011963,TimeCost:24878.081154108047
epoch:93,loss:20.00942850112915,TimeCost:25146.197799682617
epoch:94,loss:19.947904586791992,TimeCost:25416.87157058716
epoch:95,loss:19.89885711669922,TimeCost:25688.01167345047
epoch:96,loss:19.892777919769287,TimeCost:25954.77183175087
epoch:97,loss:19.88170337677002,TimeCost:26222.376200675964
epoch:98,loss:19.781607151031494,TimeCost:26490.16238951683
epoch:99,loss:19.83645248413086,TimeCost:26756.301443576813
epoch:100,loss:20.086411952972412,TimeCost:27020.017758369446
epoch:101,loss:19.87298059463501,TimeCost:27278.555317640305
epoch:102,loss:19.758296012878418,TimeCost:27534.563576221466
epoch:103,loss:19.67983865737915,TimeCost:27799.917037010193
epoch:104,loss:19.62727117538452,TimeCost:28066.83864760399
epoch:105,loss:19.590725898742676,TimeCost:28331.99387383461
epoch:106,loss:19.5381760597229,TimeCost:28594.503398895264
epoch:107,loss:19.502307891845703,TimeCost:28862.642446756363
epoch:108,loss:19.463865756988525,TimeCost:29129.579346179962
epoch:109,loss:19.42763614654541,TimeCost:29389.39213514328
epoch:110,loss:19.42032527923584,TimeCost:29657.141226768494
epoch:111,loss:19.38956642150879,TimeCost:29922.38975429535
epoch:112,loss:19.361789226531982,TimeCost:30186.889580726624
epoch:113,loss:19.40507745742798,TimeCost:30448.36199903488
epoch:114,loss:19.39263391494751,TimeCost:30713.42914390564
epoch:115,loss:19.32889747619629,TimeCost:30980.26630449295
epoch:116,loss:19.267720222473145,TimeCost:31241.875177383423
epoch:117,loss:19.261349201202393,TimeCost:31508.3465988636
epoch:118,loss:19.19800567626953,TimeCost:31772.986438512802
epoch:119,loss:19.17426824569702,TimeCost:32036.873930215836
epoch:120,loss:19.166183948516846,TimeCost:32298.12831735611
epoch:121,loss:19.14509344100952,TimeCost:32556.991408109665
epoch:122,loss:19.170019149780273,TimeCost:32820.96643304825
epoch:123,loss:19.25858974456787,TimeCost:33085.75697875023
epoch:124,loss:19.14982557296753,TimeCost:33352.806859493256
epoch:125,loss:19.09746742248535,TimeCost:33619.870309352875
epoch:126,loss:19.042885780334473,TimeCost:33887.530610084534
epoch:127,loss:19.030930042266846,TimeCost:34154.65094566345
epoch:128,loss:18.988301753997803,TimeCost:34420.54944443703
epoch:129,loss:18.96172285079956,TimeCost:34681.64956307411
epoch:130,loss:19.022162914276123,TimeCost:34942.05330967903
epoch:131,loss:19.06261396408081,TimeCost:35210.73854994774
epoch:132,loss:18.99376153945923,TimeCost:35473.5934484005
epoch:133,loss:18.918163776397705,TimeCost:35740.53245019913
epoch:134,loss:18.906707763671875,TimeCost:36002.56289792061
epoch:135,loss:18.86674976348877,TimeCost:36270.18329691887
epoch:136,loss:18.84071922302246,TimeCost:36535.49547457695
epoch:137,loss:18.838661193847656,TimeCost:36801.53234553337
epoch:138,loss:19.02049446105957,TimeCost:37070.8848862648
epoch:139,loss:18.907582759857178,TimeCost:37336.3849272728
epoch:140,loss:18.827983856201172,TimeCost:37606.69444680214
epoch:141,loss:18.803351402282715,TimeCost:37878.949877262115
epoch:142,loss:18.756584644317627,TimeCost:38145.510276556015
epoch:143,loss:18.727494716644287,TimeCost:38414.404900074005
epoch:144,loss:18.718894958496094,TimeCost:38682.73621749878
epoch:145,loss:18.68386459350586,TimeCost:38949.1557598114
epoch:146,loss:18.66231107711792,TimeCost:39214.36918067932
epoch:147,loss:18.64674663543701,TimeCost:39481.92485284805
epoch:148,loss:18.62793493270874,TimeCost:39749.84762239456
epoch:149,loss:18.613628387451172,TimeCost:40015.9259557724
epoch:150,loss:18.764894485473633,TimeCost:40282.24586081505
epoch:151,loss:19.46834373474121,TimeCost:40550.041652202606
epoch:152,loss:19.002647399902344,TimeCost:40814.66227269173
epoch:153,loss:18.906007289886475,TimeCost:41082.53873229027
epoch:154,loss:18.789703845977783,TimeCost:41350.402998209
epoch:155,loss:18.695676803588867,TimeCost:41619.4864552021
epoch:156,loss:18.6273512840271,TimeCost:41884.60613822937
epoch:157,loss:18.600196838378906,TimeCost:42151.83368349075
epoch:158,loss:18.54971694946289,TimeCost:42413.737141132355
epoch:159,loss:18.52919626235962,TimeCost:42675.72064304352
epoch:160,loss:18.504150867462158,TimeCost:42936.09501123428
epoch:161,loss:18.483838081359863,TimeCost:43196.539281368256
epoch:162,loss:18.465354442596436,TimeCost:43469.08873295784
epoch:163,loss:18.45317554473877,TimeCost:43737.14001893997
epoch:164,loss:18.4377121925354,TimeCost:44003.7571284771
epoch:165,loss:18.429290294647217,TimeCost:44266.02020764351
epoch:166,loss:18.43600034713745,TimeCost:44532.499203681946
epoch:167,loss:18.46808385848999,TimeCost:44796.71953344345
epoch:168,loss:18.425153255462646,TimeCost:45063.53223514557
epoch:169,loss:18.387097358703613,TimeCost:45327.525111436844
epoch:170,loss:18.375887393951416,TimeCost:45587.01968765259
epoch:171,loss:18.36313819885254,TimeCost:45848.928878068924
epoch:172,loss:18.408463954925537,TimeCost:46109.70750308037
epoch:173,loss:18.388651847839355,TimeCost:46369.1857085228
epoch:174,loss:18.33348560333252,TimeCost:46632.190990448
epoch:175,loss:18.32797145843506,TimeCost:46897.47377920151
epoch:176,loss:18.3353853225708,TimeCost:47165.923780441284
epoch:177,loss:18.441701412200928,TimeCost:47430.074986457825
epoch:178,loss:18.337351322174072,TimeCost:47689.63123989105
epoch:179,loss:18.33908748626709,TimeCost:47949.97423315048
epoch:180,loss:18.323167324066162,TimeCost:48210.31421947479
epoch:181,loss:18.27732563018799,TimeCost:48470.51837801933
epoch:182,loss:18.25953435897827,TimeCost:48731.48922634125
epoch:183,loss:18.26540517807007,TimeCost:48989.65876698494
epoch:184,loss:18.249098300933838,TimeCost:49259.906150102615
epoch:185,loss:18.320839405059814,TimeCost:49523.761962890625
epoch:186,loss:18.278603553771973,TimeCost:49788.20046901703
epoch:187,loss:18.25221538543701,TimeCost:50051.98893737793
epoch:188,loss:18.243749141693115,TimeCost:50310.000453948975
epoch:189,loss:18.233508586883545,TimeCost:50569.76274013519
epoch:190,loss:18.260147094726562,TimeCost:50831.12969946861
epoch:191,loss:18.209340572357178,TimeCost:51095.86299943924
epoch:192,loss:18.21532106399536,TimeCost:51360.767462968826
epoch:193,loss:18.17029857635498,TimeCost:51622.94405889511
epoch:194,loss:18.181364059448242,TimeCost:51888.387503385544
epoch:195,loss:18.174243927001953,TimeCost:52154.14461135864
epoch:196,loss:18.13704776763916,TimeCost:52415.52211165428
epoch:197,loss:18.11632776260376,TimeCost:52683.69190478325
epoch:198,loss:18.127902030944824,TimeCost:52949.08387517929
epoch:199,loss:18.306427478790283,TimeCost:53213.7097363472
