2024-12-30 10:01:05.389895: I tensorflow/core/util/port.cc:153] oneDNN custom operations are on. You may see slightly different numerical results due to floating-point round-off errors from different computation orders. To turn them off, set the environment variable `TF_ENABLE_ONEDNN_OPTS=0`.
2024-12-30 10:01:05.404050: E external/local_xla/xla/stream_executor/cuda/cuda_fft.cc:477] Unable to register cuFFT factory: Attempting to register factory for plugin cuFFT when one has already been registered
WARNING: All log messages before absl::InitializeLog() is called are written to STDERR
E0000 00:00:1735524065.420558 2794139 cuda_dnn.cc:8310] Unable to register cuDNN factory: Attempting to register factory for plugin cuDNN when one has already been registered
E0000 00:00:1735524065.425690 2794139 cuda_blas.cc:1418] Unable to register cuBLAS factory: Attempting to register factory for plugin cuBLAS when one has already been registered
2024-12-30 10:01:05.442330: I tensorflow/core/platform/cpu_feature_guard.cc:210] This TensorFlow binary is optimized to use available CPU instructions in performance-critical operations.
To enable the following instructions: AVX2 AVX512F AVX512_VNNI FMA, in other operations, rebuild TensorFlow with the appropriate compiler flags.
loading data
prepare dataloader
data loaded
start training
epoch:0,loss:0.029944355599582195,TimeCost:351.77877283096313
epoch:1,loss:0.013056668220087886,TimeCost:714.5778160095215
epoch:2,loss:0.01016049925237894,TimeCost:1064.456704378128
epoch:3,loss:0.007787944166921079,TimeCost:1406.9329662322998
epoch:4,loss:0.006236372166313231,TimeCost:1740.7951378822327
epoch:5,loss:0.005870719556696713,TimeCost:2077.3167650699615
epoch:6,loss:0.005709187593311071,TimeCost:2405.848164319992
epoch:7,loss:0.005498172948136926,TimeCost:2732.8736984729767
epoch:8,loss:0.005358042428269982,TimeCost:3066.918348312378
epoch:9,loss:0.005281197605654597,TimeCost:3398.192087650299
epoch:10,loss:0.0052010922227054834,TimeCost:3730.5762281417847
epoch:11,loss:0.005135139334015548,TimeCost:4059.5451464653015
epoch:12,loss:0.005096502718515694,TimeCost:4387.367891073227
epoch:13,loss:0.00506168429274112,TimeCost:4711.116554260254
epoch:14,loss:0.005026463186368346,TimeCost:5031.005305290222
epoch:15,loss:0.005000970093533397,TimeCost:5352.861055135727
epoch:16,loss:0.0049808816984295845,TimeCost:5673.094936847687
epoch:17,loss:0.004960964317433536,TimeCost:5993.166075468063
epoch:18,loss:0.004943329025991261,TimeCost:6315.568728923798
epoch:19,loss:0.004927766160108149,TimeCost:6639.232616901398
epoch:20,loss:0.004913068609312177,TimeCost:6952.40057349205
epoch:21,loss:0.00489920296240598,TimeCost:7272.635416507721
epoch:22,loss:0.00488603615667671,TimeCost:7591.411787748337
epoch:23,loss:0.004873122437857091,TimeCost:7908.877439498901
epoch:24,loss:0.00486044108401984,TimeCost:8224.63960647583
epoch:25,loss:0.00484811351634562,TimeCost:8536.730044603348
epoch:26,loss:0.004835945321246982,TimeCost:8849.301537752151
epoch:27,loss:0.004823955707252026,TimeCost:9161.166057109833
epoch:28,loss:0.004812126164324582,TimeCost:9470.365155220032
epoch:29,loss:0.00480034330394119,TimeCost:9790.476351261139
epoch:30,loss:0.004788588383235037,TimeCost:10107.85641336441
epoch:31,loss:0.004776838701218367,TimeCost:10420.269100666046
epoch:32,loss:0.004765078774653375,TimeCost:10732.850719213486
epoch:33,loss:0.004753291257657111,TimeCost:11046.182526350021
epoch:34,loss:0.004741429816931486,TimeCost:11358.837575912476
epoch:35,loss:0.004729451611638069,TimeCost:11681.61732172966
epoch:36,loss:0.0047173252096399665,TimeCost:11996.2506275177
epoch:37,loss:0.0047050234861671925,TimeCost:12321.032826900482
epoch:38,loss:0.004692516988143325,TimeCost:12643.042833805084
epoch:39,loss:0.004679765086621046,TimeCost:12962.27710366249
epoch:40,loss:0.004666722961701453,TimeCost:13279.1568877697
epoch:41,loss:0.00465334695763886,TimeCost:13595.676935911179
epoch:42,loss:0.004639594815671444,TimeCost:13911.22841000557
epoch:43,loss:0.004625420551747084,TimeCost:14230.712631702423
epoch:44,loss:0.004610769799910486,TimeCost:14543.700414896011
epoch:45,loss:0.004595580976456404,TimeCost:14864.803450107574
epoch:46,loss:0.004579788073897362,TimeCost:15180.101106882095
epoch:47,loss:0.0045633179834112525,TimeCost:15496.211942434311
epoch:48,loss:0.004546088865026832,TimeCost:15811.856541156769
epoch:49,loss:0.004528005141764879,TimeCost:16128.294361829758
epoch:50,loss:0.004508957965299487,TimeCost:16446.325162887573
epoch:51,loss:0.004488825099542737,TimeCost:16763.221234321594
epoch:52,loss:0.004467466613277793,TimeCost:17079.385055065155
epoch:53,loss:0.004444721271283925,TimeCost:17399.791213035583
epoch:54,loss:0.004420404555276036,TimeCost:17708.890173196793
epoch:55,loss:0.004394304123707116,TimeCost:18025.62979745865
epoch:56,loss:0.004366177250631154,TimeCost:18346.599791288376
epoch:57,loss:0.004335743025876582,TimeCost:18653.13518190384
epoch:58,loss:0.00430267967749387,TimeCost:18969.5154941082
epoch:59,loss:0.004266619100235403,TimeCost:19283.309220552444
epoch:60,loss:0.00422714464366436,TimeCost:19589.798994779587
epoch:61,loss:0.004183796583674848,TimeCost:19895.820623874664
epoch:62,loss:0.004136086325161159,TimeCost:20202.599932432175
epoch:63,loss:0.004083538195118308,TimeCost:20511.369566440582
epoch:64,loss:0.004025764297693968,TimeCost:20817.80045080185
epoch:65,loss:0.003962598915677518,TimeCost:21127.063519716263
epoch:66,loss:0.0038943084655329585,TimeCost:21437.42521548271
epoch:67,loss:0.003821877180598676,TimeCost:21749.19622015953
epoch:68,loss:0.003747292619664222,TimeCost:22057.108261585236
epoch:69,loss:0.003673654980957508,TimeCost:22363.364072799683
epoch:70,loss:0.0036045514862053096,TimeCost:22672.36530303955
epoch:71,loss:0.0035437782062217593,TimeCost:22981.995157957077
epoch:72,loss:0.003493513911962509,TimeCost:23292.32293844223
epoch:73,loss:0.0034581435029394925,TimeCost:23607.058496952057
epoch:74,loss:0.0034188616555184126,TimeCost:23918.96524167061
epoch:75,loss:0.00339462049305439,TimeCost:24227.85429239273
epoch:76,loss:0.00337444304022938,TimeCost:24536.68730354309
epoch:77,loss:0.0033523645834065974,TimeCost:24847.60342311859
epoch:78,loss:0.003337669128086418,TimeCost:25155.374068260193
epoch:79,loss:0.0033211298286914825,TimeCost:25462.729704618454
epoch:80,loss:0.0033100032014772296,TimeCost:25770.17248439789
epoch:81,loss:0.003296633018180728,TimeCost:26078.546231031418
epoch:82,loss:0.0032880682847462595,TimeCost:26388.837366580963
epoch:83,loss:0.0032760907779447734,TimeCost:26696.37908387184
epoch:84,loss:0.0032686826889403164,TimeCost:27005.74398970604
epoch:85,loss:0.003257799777202308,TimeCost:27317.6075797081
epoch:86,loss:0.0032509291195310652,TimeCost:27625.8523311615
epoch:87,loss:0.0032412216532975435,TimeCost:27931.16387271881
epoch:88,loss:0.003234843665268272,TimeCost:28242.946888923645
epoch:89,loss:0.0032261142623610795,TimeCost:28552.920435667038
epoch:90,loss:0.0032199426786974072,TimeCost:28859.32902789116
epoch:91,loss:0.0032125258003361523,TimeCost:29168.647667884827
epoch:92,loss:0.00320591579657048,TimeCost:29476.835329771042
epoch:93,loss:0.003200194740202278,TimeCost:29784.96784543991
epoch:94,loss:0.0031933439313434064,TimeCost:30096.20790910721
epoch:95,loss:0.0031873889383859932,TimeCost:30408.684065580368
epoch:96,loss:0.0031820264412090182,TimeCost:30726.720522642136
epoch:97,loss:0.0031758163240738213,TimeCost:31044.581712961197
epoch:98,loss:0.0031700613908469677,TimeCost:31361.539687395096
epoch:99,loss:0.0031647831201553345,TimeCost:31675.658465862274
epoch:100,loss:0.0031591978040523827,TimeCost:31988.501784086227
epoch:101,loss:0.0031534750014543533,TimeCost:32304.46143722534
epoch:102,loss:0.00314823049120605,TimeCost:32620.722818374634
epoch:103,loss:0.003142897563520819,TimeCost:32936.71763539314
epoch:104,loss:0.0031373437377624214,TimeCost:33249.470729351044
epoch:105,loss:0.0031320388079620898,TimeCost:33564.4276804924
epoch:106,loss:0.0031269352766685188,TimeCost:33878.25071978569
epoch:107,loss:0.003121515386737883,TimeCost:34191.024317502975
epoch:108,loss:0.00311597331892699,TimeCost:34506.92400312424
epoch:109,loss:0.003110769495833665,TimeCost:34815.93157243729
epoch:110,loss:0.00310559751233086,TimeCost:35126.60035252571
epoch:111,loss:0.0031000247108750045,TimeCost:35437.22161626816
epoch:112,loss:0.0030943884630687535,TimeCost:35744.5269908905
epoch:113,loss:0.003089041740167886,TimeCost:36054.802089214325
epoch:114,loss:0.0030835658544674516,TimeCost:36362.766969680786
epoch:115,loss:0.0030776687781326473,TimeCost:36671.487401008606
epoch:116,loss:0.0030717867193743587,TimeCost:36981.80341053009
epoch:117,loss:0.0030661027412861586,TimeCost:37289.86573600769
epoch:118,loss:0.0030601462349295616,TimeCost:37599.40739250183
epoch:119,loss:0.0030537439743056893,TimeCost:37907.951063632965
epoch:120,loss:0.0030473723891191185,TimeCost:38216.93562197685
epoch:121,loss:0.003041136951651424,TimeCost:38525.4690284729
epoch:122,loss:0.0030345352715812624,TimeCost:38834.24570131302
epoch:123,loss:0.00302742060739547,TimeCost:39140.983197927475
epoch:124,loss:0.0030203518108464777,TimeCost:39447.85705161095
epoch:125,loss:0.003013376146554947,TimeCost:39753.616440057755
epoch:126,loss:0.003005921433214098,TimeCost:40060.19033408165
epoch:127,loss:0.002997910021804273,TimeCost:40366.10937452316
epoch:128,loss:0.0029899407527409494,TimeCost:40674.34432840347
epoch:129,loss:0.002982014906592667,TimeCost:40981.273109436035
epoch:130,loss:0.0029734973213635385,TimeCost:41288.80574440956
epoch:131,loss:0.0029643860762007535,TimeCost:41596.67945933342
epoch:132,loss:0.0029552921769209206,TimeCost:41905.42141723633
epoch:133,loss:0.0029461818048730493,TimeCost:42211.268879413605
epoch:134,loss:0.0029363457579165697,TimeCost:42518.01160168648
epoch:135,loss:0.002925836597569287,TimeCost:42825.747683525085
epoch:136,loss:0.0029152235365472734,TimeCost:43132.1158246994
epoch:137,loss:0.002904434979427606,TimeCost:43440.530375003815
epoch:138,loss:0.002893046534154564,TimeCost:43748.62362885475
epoch:139,loss:0.0028810278745368123,TimeCost:44056.192533016205
epoch:140,loss:0.0028687260346487164,TimeCost:44366.86659407616
epoch:141,loss:0.0028563124360516667,TimeCost:44678.933700084686
epoch:142,loss:0.0028442449984140694,TimeCost:44990.165442466736
epoch:143,loss:0.002836055587977171,TimeCost:45299.65924859047
epoch:144,loss:0.0028347253100946546,TimeCost:45607.816366910934
epoch:145,loss:0.0028069051913917065,TimeCost:45914.24467968941
epoch:146,loss:0.002794984437059611,TimeCost:46221.79408407211
epoch:147,loss:0.002777768357191235,TimeCost:46528.9164121151
epoch:148,loss:0.0027692107832990587,TimeCost:46838.31928920746
epoch:149,loss:0.002746413927525282,TimeCost:47143.414640665054
epoch:150,loss:0.002733991772402078,TimeCost:47450.187619924545
epoch:151,loss:0.002716335584409535,TimeCost:47755.022468328476
epoch:152,loss:0.002713714784476906,TimeCost:48066.80172538757
epoch:153,loss:0.00268722849432379,TimeCost:48389.08032178879
epoch:154,loss:0.002678604330867529,TimeCost:48713.767525196075
epoch:155,loss:0.002670284768100828,TimeCost:49032.0868639946
epoch:156,loss:0.0026510825264267623,TimeCost:49347.64835643768
epoch:157,loss:0.002663118881173432,TimeCost:49668.26337862015
epoch:158,loss:0.0026422892697155476,TimeCost:49990.24565291405
epoch:159,loss:0.002590439224150032,TimeCost:50313.99751853943
epoch:160,loss:0.002576506114564836,TimeCost:50636.52464532852
epoch:161,loss:0.002562118985224515,TimeCost:50954.01105761528
epoch:162,loss:0.0025306924944743514,TimeCost:51277.30284881592
epoch:163,loss:0.002509881218429655,TimeCost:51600.70762348175
epoch:164,loss:0.0024995188578031957,TimeCost:51925.18182730675
epoch:165,loss:0.0024700668291188776,TimeCost:52246.01793909073
epoch:166,loss:0.0024453062214888632,TimeCost:52569.21103668213
epoch:167,loss:0.002425344369839877,TimeCost:52884.53777694702
epoch:168,loss:0.002404796192422509,TimeCost:53202.52550315857
epoch:169,loss:0.00238880782853812,TimeCost:53518.57447004318
epoch:170,loss:0.002435087808407843,TimeCost:53842.575378894806
epoch:171,loss:0.002403207414317876,TimeCost:54163.887155771255
epoch:172,loss:0.0024429865297861397,TimeCost:54486.11251807213
epoch:173,loss:0.002410476969089359,TimeCost:54809.60911870003
epoch:174,loss:0.0023425628314726055,TimeCost:55134.74828839302
epoch:175,loss:0.0023406610125675797,TimeCost:55456.78128886223
epoch:176,loss:0.002297727856785059,TimeCost:55777.216391325
epoch:177,loss:0.00228980922838673,TimeCost:56101.355311870575
epoch:178,loss:0.002260264242067933,TimeCost:56422.017216444016
epoch:179,loss:0.002240964095108211,TimeCost:56747.45627093315
epoch:180,loss:0.0022303895093500614,TimeCost:57072.483266830444
epoch:181,loss:0.002221887174528092,TimeCost:57396.99665284157
epoch:182,loss:0.0021961505990475416,TimeCost:57711.599167108536
epoch:183,loss:0.0021789459278807044,TimeCost:58036.19051814079
epoch:184,loss:0.0021823604474775493,TimeCost:58352.45780301094
epoch:185,loss:0.0021661059581674635,TimeCost:58676.86448383331
epoch:186,loss:0.002145970065612346,TimeCost:58997.09608769417
epoch:187,loss:0.0021409320179373026,TimeCost:59324.144797086716
epoch:188,loss:0.0021255065803416073,TimeCost:59642.62598633766
epoch:189,loss:0.0022496349993161857,TimeCost:59970.13331437111
epoch:190,loss:0.0023003086680546403,TimeCost:60280.82206201553
epoch:191,loss:0.002167659404221922,TimeCost:60594.289427280426
epoch:192,loss:0.00211961823515594,TimeCost:60908.65120816231
epoch:193,loss:0.0020985910086892545,TimeCost:61222.389016628265
epoch:194,loss:0.0020959243993274868,TimeCost:61536.55154585838
epoch:195,loss:0.002088227542117238,TimeCost:61847.64103293419
epoch:196,loss:0.002077700919471681,TimeCost:62164.7523958683
epoch:197,loss:0.0020846487605012953,TimeCost:62477.43493247032
epoch:198,loss:0.0020649934886023402,TimeCost:62789.53437948227
epoch:199,loss:0.0020651917438954115,TimeCost:63103.647018909454
