2024-12-26 16:28:25.413097: I tensorflow/core/util/port.cc:153] oneDNN custom operations are on. You may see slightly different numerical results due to floating-point round-off errors from different computation orders. To turn them off, set the environment variable `TF_ENABLE_ONEDNN_OPTS=0`.
2024-12-26 16:28:25.425800: E external/local_xla/xla/stream_executor/cuda/cuda_fft.cc:477] Unable to register cuFFT factory: Attempting to register factory for plugin cuFFT when one has already been registered
WARNING: All log messages before absl::InitializeLog() is called are written to STDERR
E0000 00:00:1735201705.441510 3418488 cuda_dnn.cc:8310] Unable to register cuDNN factory: Attempting to register factory for plugin cuDNN when one has already been registered
E0000 00:00:1735201705.446414 3418488 cuda_blas.cc:1418] Unable to register cuBLAS factory: Attempting to register factory for plugin cuBLAS when one has already been registered
2024-12-26 16:28:25.462377: I tensorflow/core/platform/cpu_feature_guard.cc:210] This TensorFlow binary is optimized to use available CPU instructions in performance-critical operations.
To enable the following instructions: AVX2 AVX512F AVX512_VNNI FMA, in other operations, rebuild TensorFlow with the appropriate compiler flags.
/home/user/Diffuse/test/main.py:38: FutureWarning: You are using `torch.load` with `weights_only=False` (the current default value), which uses the default pickle module implicitly. It is possible to construct malicious pickle data which will execute arbitrary code during unpickling (See https://github.com/pytorch/pytorch/blob/main/SECURITY.md#untrusted-models for more details). In a future release, the default value for `weights_only` will be flipped to `True`. This limits the functions that could be executed during unpickling. Arbitrary objects will no longer be allowed to be loaded via this mode unless they are explicitly allowlisted by the user via `torch.serialization.add_safe_globals`. We recommend you start setting `weights_only=True` for any use case where you don't have full control of the loaded file. Please open an issue on GitHub for any issues related to this experimental feature.
  model=torch.load("./models/CNN_model_3.pt")
/home/user/Diffuse/test/main.py:39: FutureWarning: You are using `torch.load` with `weights_only=False` (the current default value), which uses the default pickle module implicitly. It is possible to construct malicious pickle data which will execute arbitrary code during unpickling (See https://github.com/pytorch/pytorch/blob/main/SECURITY.md#untrusted-models for more details). In a future release, the default value for `weights_only` will be flipped to `True`. This limits the functions that could be executed during unpickling. Arbitrary objects will no longer be allowed to be loaded via this mode unless they are explicitly allowlisted by the user via `torch.serialization.add_safe_globals`. We recommend you start setting `weights_only=True` for any use case where you don't have full control of the loaded file. Please open an issue on GitHub for any issues related to this experimental feature.
  encoder=torch.load("./models/CNN_Encoder.pt")
loading data
prepare dataloader
data loaded
start training
epoch:0,loss:25.322999954223633,TimeCost:299.713680267334
epoch:1,loss:23.671446800231934,TimeCost:593.7178101539612
epoch:2,loss:22.31996774673462,TimeCost:891.3366768360138
epoch:3,loss:21.236083030700684,TimeCost:1182.1212484836578
epoch:4,loss:20.229326725006104,TimeCost:1472.0920774936676
epoch:5,loss:19.29062032699585,TimeCost:1761.3296999931335
epoch:6,loss:18.417797088623047,TimeCost:2039.6691462993622
epoch:7,loss:17.573069095611572,TimeCost:2324.7226600646973
epoch:8,loss:16.783586025238037,TimeCost:2602.730504989624
epoch:9,loss:16.023640394210815,TimeCost:2881.3477432727814
epoch:10,loss:15.294445037841797,TimeCost:3156.7292716503143
epoch:11,loss:14.60035490989685,TimeCost:3431.490614414215
epoch:12,loss:13.94101071357727,TimeCost:3706.5726568698883
epoch:13,loss:13.319900274276733,TimeCost:3976.508589029312
epoch:14,loss:12.73720669746399,TimeCost:4248.221618413925
epoch:15,loss:12.19521164894104,TimeCost:4518.214278459549
epoch:16,loss:11.694394588470459,TimeCost:4786.9754819869995
epoch:17,loss:11.231939792633057,TimeCost:5054.322901725769
epoch:18,loss:10.803205728530884,TimeCost:5324.024524688721
epoch:19,loss:10.404337406158447,TimeCost:5592.99303984642
epoch:20,loss:10.031875133514404,TimeCost:5860.7436311244965
epoch:21,loss:9.682788848876953,TimeCost:6128.368999004364
epoch:22,loss:9.355315208435059,TimeCost:6397.148641347885
epoch:23,loss:9.048085689544678,TimeCost:6664.379457950592
epoch:24,loss:8.759711742401123,TimeCost:6935.973906755447
epoch:25,loss:8.488790512084961,TimeCost:7203.055107116699
epoch:26,loss:8.233871698379517,TimeCost:7470.275495052338
epoch:27,loss:7.99348783493042,TimeCost:7737.810302495956
epoch:28,loss:7.766184687614441,TimeCost:8003.074627876282
epoch:29,loss:7.550696134567261,TimeCost:8265.711167573929
epoch:30,loss:7.345884919166565,TimeCost:8535.30764746666
epoch:31,loss:7.150785565376282,TimeCost:8801.992674350739
epoch:32,loss:6.964571237564087,TimeCost:9068.487792491913
epoch:33,loss:6.786559343338013,TimeCost:9333.02659869194
epoch:34,loss:6.6161394119262695,TimeCost:9599.419695615768
epoch:35,loss:6.452723860740662,TimeCost:9866.605246305466
epoch:36,loss:6.29571008682251,TimeCost:10130.508970737457
epoch:37,loss:6.144750356674194,TimeCost:10395.709018707275
epoch:38,loss:5.999818921089172,TimeCost:10662.228850841522
epoch:39,loss:5.860542893409729,TimeCost:10927.509169578552
epoch:40,loss:5.72683322429657,TimeCost:11193.728290319443
epoch:41,loss:5.598365902900696,TimeCost:11459.150528430939
epoch:42,loss:5.474826812744141,TimeCost:11723.00390291214
epoch:43,loss:5.3561460971832275,TimeCost:11988.94874215126
epoch:44,loss:5.2420724630355835,TimeCost:12256.748489141464
epoch:45,loss:5.132573127746582,TimeCost:12521.648423910141
epoch:46,loss:5.027234315872192,TimeCost:12785.750311136246
epoch:47,loss:4.926123261451721,TimeCost:13048.307636737823
epoch:48,loss:4.829347491264343,TimeCost:13313.817843437195
epoch:49,loss:4.7391849756240845,TimeCost:13581.665916442871
epoch:50,loss:4.686411738395691,TimeCost:13845.679631710052
epoch:51,loss:4.586296319961548,TimeCost:14111.854166269302
epoch:52,loss:4.498353958129883,TimeCost:14375.935070753098
epoch:53,loss:4.4153220653533936,TimeCost:14639.436824560165
epoch:54,loss:4.338295936584473,TimeCost:14904.842819213867
epoch:55,loss:4.266096115112305,TimeCost:15168.529999494553
epoch:56,loss:4.197739601135254,TimeCost:15435.868532896042
epoch:57,loss:4.129849195480347,TimeCost:15710.03721833229
epoch:58,loss:4.069626569747925,TimeCost:15976.98648929596
epoch:59,loss:4.0130316615104675,TimeCost:16244.82735991478
epoch:60,loss:3.966620624065399,TimeCost:16511.397357225418
epoch:61,loss:3.9039751291275024,TimeCost:16778.260107517242
epoch:62,loss:3.8357537984848022,TimeCost:17045.54729604721
epoch:63,loss:3.793111801147461,TimeCost:17312.153868675232
epoch:64,loss:3.727359175682068,TimeCost:17579.725791931152
epoch:65,loss:3.682157039642334,TimeCost:17847.993036031723
epoch:66,loss:3.6576847434043884,TimeCost:18111.933542728424
epoch:67,loss:3.611067235469818,TimeCost:18377.936195373535
epoch:68,loss:3.5508987307548523,TimeCost:18642.214579343796
epoch:69,loss:3.5021181106567383,TimeCost:18904.889731407166
epoch:70,loss:3.4606428742408752,TimeCost:19167.84844994545
epoch:71,loss:3.4127299785614014,TimeCost:19431.313873767853
epoch:72,loss:3.3694689869880676,TimeCost:19702.34536933899
epoch:73,loss:3.346840739250183,TimeCost:19969.50721001625
epoch:74,loss:3.308466136455536,TimeCost:20235.50368618965
epoch:75,loss:3.250609517097473,TimeCost:20504.47274684906
epoch:76,loss:3.223149538040161,TimeCost:20774.683802127838
epoch:77,loss:3.199717938899994,TimeCost:21041.981786727905
epoch:78,loss:3.1500659584999084,TimeCost:21310.645594120026
epoch:79,loss:3.107936978340149,TimeCost:21576.716382741928
epoch:80,loss:3.0962564945220947,TimeCost:21844.70061635971
epoch:81,loss:3.0974841713905334,TimeCost:22109.81277489662
epoch:82,loss:3.021803617477417,TimeCost:22374.871121168137
epoch:83,loss:2.999767780303955,TimeCost:22645.66511130333
epoch:84,loss:2.960564613342285,TimeCost:22915.02259349823
epoch:85,loss:2.931009888648987,TimeCost:23181.61410522461
epoch:86,loss:2.8991822600364685,TimeCost:23447.292147159576
epoch:87,loss:2.867268145084381,TimeCost:23714.62623691559
epoch:88,loss:2.8394360542297363,TimeCost:23979.94251060486
epoch:89,loss:2.8250842690467834,TimeCost:24246.490769147873
epoch:90,loss:2.797161042690277,TimeCost:24516.16671514511
epoch:91,loss:2.7592803835868835,TimeCost:24785.58669781685
epoch:92,loss:2.731341600418091,TimeCost:25053.759392499924
epoch:93,loss:2.710605263710022,TimeCost:25321.651265621185
epoch:94,loss:2.751617729663849,TimeCost:25590.45453977585
epoch:95,loss:2.7178892493247986,TimeCost:25856.538656949997
epoch:96,loss:2.6815640330314636,TimeCost:26126.17396759987
epoch:97,loss:2.6435386538505554,TimeCost:26396.053735256195
epoch:98,loss:2.6129029393196106,TimeCost:26663.460160970688
epoch:99,loss:2.587260067462921,TimeCost:26931.682386159897
epoch:100,loss:2.561819612979889,TimeCost:27201.041121959686
epoch:101,loss:2.5387956500053406,TimeCost:27469.670639276505
epoch:102,loss:2.516672968864441,TimeCost:27738.444816827774
epoch:103,loss:2.4955979585647583,TimeCost:28006.315752506256
epoch:104,loss:2.4725390672683716,TimeCost:28277.80961227417
epoch:105,loss:2.449826240539551,TimeCost:28548.228580713272
epoch:106,loss:2.4283507466316223,TimeCost:28815.48441028595
epoch:107,loss:2.4079413414001465,TimeCost:29081.136878490448
epoch:108,loss:2.3941378593444824,TimeCost:29348.50705051422
epoch:109,loss:2.397249758243561,TimeCost:29615.305598974228
epoch:110,loss:2.35858952999115,TimeCost:29882.403472185135
epoch:111,loss:2.3409035205841064,TimeCost:30151.804936885834
epoch:112,loss:2.3220921754837036,TimeCost:30417.28552722931
epoch:113,loss:2.302510976791382,TimeCost:30686.069712877274
epoch:114,loss:2.288183033466339,TimeCost:30955.661253213882
epoch:115,loss:2.277340292930603,TimeCost:31224.06117296219
epoch:116,loss:2.2918978929519653,TimeCost:31490.500044822693
epoch:117,loss:2.274820327758789,TimeCost:31759.932360887527
epoch:118,loss:2.226205885410309,TimeCost:32026.82110953331
epoch:119,loss:2.2159574031829834,TimeCost:32293.56236886978
epoch:120,loss:2.189605414867401,TimeCost:32557.738857507706
epoch:121,loss:2.1804232597351074,TimeCost:32822.29648590088
epoch:122,loss:2.153239667415619,TimeCost:33089.40260267258
epoch:123,loss:2.1406973004341125,TimeCost:33354.6611931324
epoch:124,loss:2.1291335225105286,TimeCost:33616.15941619873
epoch:125,loss:2.115761876106262,TimeCost:33879.74475502968
epoch:126,loss:2.1114342212677,TimeCost:34143.62324976921
epoch:127,loss:2.135102868080139,TimeCost:34406.77409052849
epoch:128,loss:2.109358549118042,TimeCost:34672.126950502396
epoch:129,loss:2.071605920791626,TimeCost:34936.17276573181
epoch:130,loss:2.063417911529541,TimeCost:35202.80575418472
epoch:131,loss:2.040798544883728,TimeCost:35469.380610227585
epoch:132,loss:2.0225199460983276,TimeCost:35734.079051971436
epoch:133,loss:2.015162467956543,TimeCost:35999.98133420944
epoch:134,loss:1.9955875873565674,TimeCost:36266.92296552658
epoch:135,loss:1.9815999567508698,TimeCost:36533.54533815384
epoch:136,loss:1.9734191000461578,TimeCost:36798.894541502
epoch:137,loss:1.9546730518341064,TimeCost:37062.96645736694
epoch:138,loss:1.940416693687439,TimeCost:37329.57695841789
epoch:139,loss:1.93539696931839,TimeCost:37597.85624527931
epoch:140,loss:1.9851134121418,TimeCost:37863.640266656876
epoch:141,loss:2.0294711589813232,TimeCost:38128.51442337036
epoch:142,loss:1.972527027130127,TimeCost:38392.1131567955
epoch:143,loss:1.9448741972446442,TimeCost:38656.43184661865
epoch:144,loss:1.911604404449463,TimeCost:38925.084515571594
epoch:145,loss:1.8941059112548828,TimeCost:39189.481317043304
epoch:146,loss:1.876554399728775,TimeCost:39450.58756566048
epoch:147,loss:1.8636632561683655,TimeCost:39716.899080991745
epoch:148,loss:1.8501709401607513,TimeCost:39984.143231630325
epoch:149,loss:1.838286966085434,TimeCost:40251.26207256317
epoch:150,loss:1.825976014137268,TimeCost:40521.60194683075
epoch:151,loss:1.8144137263298035,TimeCost:40786.225190639496
epoch:152,loss:1.80246040225029,TimeCost:41053.23245048523
epoch:153,loss:1.7913779616355896,TimeCost:41318.77940535545
epoch:154,loss:1.7801947593688965,TimeCost:41584.0152361393
epoch:155,loss:1.770009607076645,TimeCost:41852.092816114426
epoch:156,loss:1.7609083950519562,TimeCost:42120.02958726883
epoch:157,loss:1.7513006627559662,TimeCost:42386.68525338173
epoch:158,loss:1.742256909608841,TimeCost:42652.31299328804
epoch:159,loss:1.7334864437580109,TimeCost:42919.624081134796
epoch:160,loss:1.7245468199253082,TimeCost:43187.677100896835
epoch:161,loss:1.7165358066558838,TimeCost:43457.378279685974
epoch:162,loss:1.7144366800785065,TimeCost:43726.41774392128
epoch:163,loss:1.76688551902771,TimeCost:43997.48744058609
epoch:164,loss:1.8266794979572296,TimeCost:44265.16532659531
epoch:165,loss:1.7617936730384827,TimeCost:44534.78101491928
epoch:166,loss:1.7379764318466187,TimeCost:44801.227880716324
epoch:167,loss:1.7225801944732666,TimeCost:45067.69259214401
epoch:168,loss:1.7026828825473785,TimeCost:45336.74740886688
epoch:169,loss:1.6864774525165558,TimeCost:45606.307928562164
epoch:170,loss:1.6691572964191437,TimeCost:45873.64392232895
epoch:171,loss:1.6521067023277283,TimeCost:46141.78688406944
epoch:172,loss:1.6418381929397583,TimeCost:46406.27054953575
epoch:173,loss:1.632353127002716,TimeCost:46668.09260892868
epoch:174,loss:1.622816562652588,TimeCost:46934.827219963074
epoch:175,loss:1.6147979497909546,TimeCost:47198.54391169548
epoch:176,loss:1.6071225106716156,TimeCost:47462.40414905548
epoch:177,loss:1.599526733160019,TimeCost:47726.82773375511
epoch:178,loss:1.5921254754066467,TimeCost:47990.77617311478
epoch:179,loss:1.5854297578334808,TimeCost:48253.15016198158
epoch:180,loss:1.579460471868515,TimeCost:48516.35065293312
epoch:181,loss:1.5736106038093567,TimeCost:48779.51877450943
epoch:182,loss:1.5691353380680084,TimeCost:49045.08560490608
epoch:183,loss:1.573398619890213,TimeCost:49308.02438354492
epoch:184,loss:1.604223519563675,TimeCost:49574.63825893402
epoch:185,loss:1.5936188399791718,TimeCost:49839.24890565872
epoch:186,loss:1.552115797996521,TimeCost:50102.12725329399
epoch:187,loss:1.557946354150772,TimeCost:50367.13145470619
epoch:188,loss:1.5367201268672943,TimeCost:50630.055490255356
epoch:189,loss:1.5358231663703918,TimeCost:50895.33218932152
epoch:190,loss:1.5197362005710602,TimeCost:51162.499945402145
epoch:191,loss:1.517335444688797,TimeCost:51431.279748916626
epoch:192,loss:1.5050753057003021,TimeCost:51696.81119942665
epoch:193,loss:1.5038372874259949,TimeCost:51964.143223285675
epoch:194,loss:1.5003972947597504,TimeCost:52232.01998233795
epoch:195,loss:1.4931108951568604,TimeCost:52500.19413733482
epoch:196,loss:1.4871962368488312,TimeCost:52769.357979774475
epoch:197,loss:1.4877904951572418,TimeCost:53036.85131025314
epoch:198,loss:1.5085779428482056,TimeCost:53308.116070747375
epoch:199,loss:1.527688890695572,TimeCost:53576.217770814896
