2024-12-22 23:27:37.007514: I tensorflow/core/util/port.cc:153] oneDNN custom operations are on. You may see slightly different numerical results due to floating-point round-off errors from different computation orders. To turn them off, set the environment variable `TF_ENABLE_ONEDNN_OPTS=0`.
2024-12-22 23:27:37.020161: E external/local_xla/xla/stream_executor/cuda/cuda_fft.cc:477] Unable to register cuFFT factory: Attempting to register factory for plugin cuFFT when one has already been registered
WARNING: All log messages before absl::InitializeLog() is called are written to STDERR
E0000 00:00:1734881257.035711 1169114 cuda_dnn.cc:8310] Unable to register cuDNN factory: Attempting to register factory for plugin cuDNN when one has already been registered
E0000 00:00:1734881257.040521 1169114 cuda_blas.cc:1418] Unable to register cuBLAS factory: Attempting to register factory for plugin cuBLAS when one has already been registered
2024-12-22 23:27:37.056194: I tensorflow/core/platform/cpu_feature_guard.cc:210] This TensorFlow binary is optimized to use available CPU instructions in performance-critical operations.
To enable the following instructions: AVX2 AVX512F AVX512_VNNI FMA, in other operations, rebuild TensorFlow with the appropriate compiler flags.
loading data
prepare dataloader
data loaded
start training
epoch:0,loss:0.17449810728430748,TimeCost:101.09279155731201
epoch:1,loss:0.0741087906062603,TimeCost:211.15021777153015
epoch:2,loss:0.04774140194058418,TimeCost:317.61032247543335
epoch:3,loss:0.03878480941057205,TimeCost:417.7662980556488
epoch:4,loss:0.03417342435568571,TimeCost:521.4011602401733
epoch:5,loss:0.0313054583966732,TimeCost:621.8167924880981
epoch:6,loss:0.028994472231715918,TimeCost:719.6627762317657
epoch:7,loss:0.02715234085917473,TimeCost:817.6544625759125
epoch:8,loss:0.025564434938132763,TimeCost:919.2254061698914
epoch:9,loss:0.024021209217607975,TimeCost:1013.1465106010437
epoch:10,loss:0.022585682570934296,TimeCost:1107.0574786663055
epoch:11,loss:0.021405272651463747,TimeCost:1201.427981853485
epoch:12,loss:0.020623254124075174,TimeCost:1299.7005620002747
epoch:13,loss:0.01982886530458927,TimeCost:1393.3191759586334
epoch:14,loss:0.018993830308318138,TimeCost:1487.703601360321
epoch:15,loss:0.018312338273972273,TimeCost:1583.8719806671143
epoch:16,loss:0.017602025996893644,TimeCost:1676.2148840427399
epoch:17,loss:0.016925491858273745,TimeCost:1766.1207597255707
epoch:18,loss:0.01624168362468481,TimeCost:1855.3669180870056
epoch:19,loss:0.015602934407070279,TimeCost:1945.7272522449493
epoch:20,loss:0.014948139665648341,TimeCost:2032.252609014511
epoch:21,loss:0.014358158688992262,TimeCost:2123.5121705532074
epoch:22,loss:0.013743731193244457,TimeCost:2212.2959616184235
epoch:23,loss:0.013114468893036246,TimeCost:2300.066605091095
epoch:24,loss:0.012547758175060153,TimeCost:2387.2224402427673
epoch:25,loss:0.012035171734169126,TimeCost:2476.366144180298
epoch:26,loss:0.011490522185340524,TimeCost:2565.611939430237
epoch:27,loss:0.011013471288606524,TimeCost:2659.6044297218323
epoch:28,loss:0.010619273409247398,TimeCost:2745.828067779541
epoch:29,loss:0.01016689115203917,TimeCost:2834.6603667736053
epoch:30,loss:0.009817462647333741,TimeCost:2923.5905754566193
epoch:31,loss:0.009466916555538774,TimeCost:3015.2247338294983
epoch:32,loss:0.009200244676321745,TimeCost:3098.829624891281
epoch:33,loss:0.00894813728518784,TimeCost:3190.9725341796875
epoch:34,loss:0.008720813784748316,TimeCost:3281.1620507240295
epoch:35,loss:0.008510824060067534,TimeCost:3366.689614534378
epoch:36,loss:0.008326794719323516,TimeCost:3456.095311164856
epoch:37,loss:0.008189547108486295,TimeCost:3542.3174510002136
epoch:38,loss:0.00803089258261025,TimeCost:3626.7164392471313
epoch:39,loss:0.007882365956902504,TimeCost:3713.0978446006775
epoch:40,loss:0.007804390857927501,TimeCost:3799.814709663391
epoch:41,loss:0.0076554176630452275,TimeCost:3886.4987292289734
epoch:42,loss:0.007550811395049095,TimeCost:3973.9142322540283
epoch:43,loss:0.007451986311934888,TimeCost:4060.9565999507904
epoch:44,loss:0.007339146104641259,TimeCost:4147.8785190582275
epoch:45,loss:0.007230433518998325,TimeCost:4232.903949260712
epoch:46,loss:0.007112644263543189,TimeCost:4317.647011518478
epoch:47,loss:0.006985116051509976,TimeCost:4403.629211425781
epoch:48,loss:0.006898083724081516,TimeCost:4488.720093011856
epoch:49,loss:0.006729850429110229,TimeCost:4573.997203588486
epoch:50,loss:0.006637422367930412,TimeCost:4659.459939241409
epoch:51,loss:0.006492085172794759,TimeCost:4746.001465320587
epoch:52,loss:0.006344154477119446,TimeCost:4832.82198882103
epoch:53,loss:0.006401673890650272,TimeCost:4917.878471374512
epoch:54,loss:0.006206909893080592,TimeCost:5005.025106430054
epoch:55,loss:0.006063813343644142,TimeCost:5092.713617324829
epoch:56,loss:0.005983714945614338,TimeCost:5180.35227060318
epoch:57,loss:0.005864593316800892,TimeCost:5263.407532691956
epoch:58,loss:0.00578154600225389,TimeCost:5348.271666049957
epoch:59,loss:0.005697564221918583,TimeCost:5434.6679039001465
epoch:60,loss:0.005593208014033735,TimeCost:5519.830918073654
epoch:61,loss:0.005527863861061633,TimeCost:5608.253131151199
epoch:62,loss:0.005474307923577726,TimeCost:5694.780916452408
epoch:63,loss:0.005406461074016988,TimeCost:5779.848687648773
epoch:64,loss:0.005350565072149038,TimeCost:5865.887214183807
epoch:65,loss:0.0053012126591056585,TimeCost:5951.82217502594
epoch:66,loss:0.005278115393593907,TimeCost:6038.692514896393
epoch:67,loss:0.005256781703792512,TimeCost:6125.354654073715
epoch:68,loss:0.00522734469268471,TimeCost:6212.189992904663
epoch:69,loss:0.00520459352992475,TimeCost:6297.540493249893
epoch:70,loss:0.005173203535377979,TimeCost:6383.704275608063
epoch:71,loss:0.005168104777112603,TimeCost:6472.746173620224
epoch:72,loss:0.0051644406048581,TimeCost:6557.905337810516
epoch:73,loss:0.00514961127191782,TimeCost:6646.471530675888
epoch:74,loss:0.005139181390404701,TimeCost:6732.948601007462
epoch:75,loss:0.005128913326188922,TimeCost:6820.452475309372
epoch:76,loss:0.005117074237205088,TimeCost:6904.952346086502
epoch:77,loss:0.005104961339384317,TimeCost:6991.704266548157
epoch:78,loss:0.005097385845147073,TimeCost:7079.065755605698
epoch:79,loss:0.005094207474030554,TimeCost:7165.162059545517
epoch:80,loss:0.0050783754559233785,TimeCost:7251.83958530426
epoch:81,loss:0.005078554153442383,TimeCost:7339.03307056427
epoch:82,loss:0.005073100910522044,TimeCost:7426.055468559265
epoch:83,loss:0.005062809563241899,TimeCost:7513.9511795043945
epoch:84,loss:0.005062523297965527,TimeCost:7600.697057962418
epoch:85,loss:0.005056566558778286,TimeCost:7686.517930269241
epoch:86,loss:0.0050532493041828275,TimeCost:7773.103236198425
epoch:87,loss:0.005052296910434961,TimeCost:7858.548371315002
epoch:88,loss:0.005048500490374863,TimeCost:7946.01204252243
epoch:89,loss:0.005051246611401439,TimeCost:8030.581954956055
epoch:90,loss:0.005046012229286134,TimeCost:8115.089407920837
epoch:91,loss:0.005051224143244326,TimeCost:8200.424175024033
epoch:92,loss:0.005052112624980509,TimeCost:8285.126370429993
epoch:93,loss:0.005045283935032785,TimeCost:8372.538786172867
epoch:94,loss:0.005040875868871808,TimeCost:8458.640440940857
epoch:95,loss:0.005040764226578176,TimeCost:8544.400265932083
epoch:96,loss:0.005036388640291989,TimeCost:8629.202291965485
epoch:97,loss:0.005035997135564685,TimeCost:8714.800899505615
epoch:98,loss:0.0050310727674514055,TimeCost:8802.26693892479
epoch:99,loss:0.005030107917264104,TimeCost:8887.995632648468
