2024-12-27 09:59:38.374856: I tensorflow/core/util/port.cc:153] oneDNN custom operations are on. You may see slightly different numerical results due to floating-point round-off errors from different computation orders. To turn them off, set the environment variable `TF_ENABLE_ONEDNN_OPTS=0`.
2024-12-27 09:59:38.388387: E external/local_xla/xla/stream_executor/cuda/cuda_fft.cc:477] Unable to register cuFFT factory: Attempting to register factory for plugin cuFFT when one has already been registered
WARNING: All log messages before absl::InitializeLog() is called are written to STDERR
E0000 00:00:1735264778.404539  306364 cuda_dnn.cc:8310] Unable to register cuDNN factory: Attempting to register factory for plugin cuDNN when one has already been registered
E0000 00:00:1735264778.409605  306364 cuda_blas.cc:1418] Unable to register cuBLAS factory: Attempting to register factory for plugin cuBLAS when one has already been registered
2024-12-27 09:59:38.426448: I tensorflow/core/platform/cpu_feature_guard.cc:210] This TensorFlow binary is optimized to use available CPU instructions in performance-critical operations.
To enable the following instructions: AVX2 AVX512F AVX512_VNNI FMA, in other operations, rebuild TensorFlow with the appropriate compiler flags.
loading data
prepare dataloader
data loaded
start training
epoch:0,loss:52.505205154418945,TimeCost:28.407334804534912
epoch:1,loss:50.39520740509033,TimeCost:61.89122700691223
epoch:2,loss:49.808847427368164,TimeCost:92.50605177879333
epoch:3,loss:49.491262435913086,TimeCost:122.81411814689636
epoch:4,loss:49.29329967498779,TimeCost:152.58612394332886
epoch:5,loss:49.165916442871094,TimeCost:183.54602432250977
epoch:6,loss:49.07639980316162,TimeCost:214.7307848930359
epoch:7,loss:49.01612091064453,TimeCost:244.95205211639404
epoch:8,loss:48.973886489868164,TimeCost:276.02254009246826
epoch:9,loss:48.94270420074463,TimeCost:307.08040952682495
epoch:10,loss:48.9202880859375,TimeCost:338.1723551750183
epoch:11,loss:48.9032621383667,TimeCost:369.00712394714355
epoch:12,loss:48.890480041503906,TimeCost:399.83958625793457
epoch:13,loss:48.88052558898926,TimeCost:430.36930108070374
epoch:14,loss:48.87277126312256,TimeCost:461.0171582698822
epoch:15,loss:48.86648368835449,TimeCost:491.6347839832306
epoch:16,loss:48.86136722564697,TimeCost:522.0858933925629
epoch:17,loss:48.8571081161499,TimeCost:552.7945291996002
epoch:18,loss:48.85350704193115,TimeCost:583.361424446106
epoch:19,loss:48.85044002532959,TimeCost:614.1090750694275
epoch:20,loss:48.84778690338135,TimeCost:644.5482950210571
epoch:21,loss:48.84544563293457,TimeCost:675.3841936588287
epoch:22,loss:48.8433895111084,TimeCost:705.7373478412628
epoch:23,loss:48.841559410095215,TimeCost:735.9748108386993
epoch:24,loss:48.839924812316895,TimeCost:766.6381640434265
epoch:25,loss:48.83844757080078,TimeCost:797.1743829250336
epoch:26,loss:48.83711624145508,TimeCost:827.2655062675476
epoch:27,loss:48.83590030670166,TimeCost:857.9812161922455
epoch:28,loss:48.834800720214844,TimeCost:888.62903881073
epoch:29,loss:48.83379077911377,TimeCost:919.7281014919281
epoch:30,loss:48.83286666870117,TimeCost:949.7162067890167
epoch:31,loss:48.83201503753662,TimeCost:980.4039762020111
epoch:32,loss:48.83123207092285,TimeCost:1011.0681474208832
epoch:33,loss:48.83051013946533,TimeCost:1041.6507194042206
epoch:34,loss:48.8298397064209,TimeCost:1072.568041563034
epoch:35,loss:48.82922172546387,TimeCost:1102.7003843784332
epoch:36,loss:48.82864475250244,TimeCost:1132.4409880638123
epoch:37,loss:48.82810592651367,TimeCost:1163.3344962596893
epoch:38,loss:48.827603340148926,TimeCost:1194.449734210968
epoch:39,loss:48.827131271362305,TimeCost:1224.7331936359406
epoch:40,loss:48.826690673828125,TimeCost:1255.6255888938904
epoch:41,loss:48.826279640197754,TimeCost:1286.327101945877
epoch:42,loss:48.82589340209961,TimeCost:1317.3731429576874
epoch:43,loss:48.825531005859375,TimeCost:1347.9897520542145
epoch:44,loss:48.82519245147705,TimeCost:1378.8304846286774
epoch:45,loss:48.824872970581055,TimeCost:1409.7844624519348
epoch:46,loss:48.8245735168457,TimeCost:1440.1734850406647
epoch:47,loss:48.8242883682251,TimeCost:1470.9921667575836
epoch:48,loss:48.82402324676514,TimeCost:1501.7820525169373
epoch:49,loss:48.823774337768555,TimeCost:1531.8999025821686
epoch:50,loss:48.823537826538086,TimeCost:1562.6734087467194
epoch:51,loss:48.823317527770996,TimeCost:1593.2308459281921
epoch:52,loss:48.8231086730957,TimeCost:1623.4661293029785
epoch:53,loss:48.82291126251221,TimeCost:1654.3840112686157
epoch:54,loss:48.82272434234619,TimeCost:1685.2915596961975
epoch:55,loss:48.82254600524902,TimeCost:1716.0898463726044
epoch:56,loss:48.82237911224365,TimeCost:1746.4993093013763
epoch:57,loss:48.82221794128418,TimeCost:1776.9170360565186
epoch:58,loss:48.822068214416504,TimeCost:1807.7156932353973
epoch:59,loss:48.82192420959473,TimeCost:1837.6921525001526
epoch:60,loss:48.82178974151611,TimeCost:1867.741261959076
epoch:61,loss:48.821661949157715,TimeCost:1897.8925054073334
epoch:62,loss:48.821539878845215,TimeCost:1928.0559074878693
epoch:63,loss:48.82142353057861,TimeCost:1959.025356054306
epoch:64,loss:48.82131481170654,TimeCost:1989.880423784256
epoch:65,loss:48.82120895385742,TimeCost:2020.7390763759613
epoch:66,loss:48.82111072540283,TimeCost:2051.061909675598
epoch:67,loss:48.82101821899414,TimeCost:2082.078934907913
epoch:68,loss:48.82093334197998,TimeCost:2112.7538874149323
epoch:69,loss:48.820852279663086,TimeCost:2142.623189687729
epoch:70,loss:48.82077598571777,TimeCost:2173.220498561859
epoch:71,loss:48.82070350646973,TimeCost:2203.845374107361
epoch:72,loss:48.82063388824463,TimeCost:2235.1813294887543
epoch:73,loss:48.82056903839111,TimeCost:2265.5488681793213
epoch:74,loss:48.82050800323486,TimeCost:2295.728691101074
epoch:75,loss:48.820451736450195,TimeCost:2326.6279702186584
epoch:76,loss:48.82039737701416,TimeCost:2357.4588606357574
epoch:77,loss:48.82034778594971,TimeCost:2388.0317084789276
epoch:78,loss:48.8203010559082,TimeCost:2418.879229784012
epoch:79,loss:48.82025718688965,TimeCost:2449.6428213119507
epoch:80,loss:48.820220947265625,TimeCost:2480.552316904068
epoch:81,loss:48.82018566131592,TimeCost:2511.1931762695312
epoch:82,loss:48.82015323638916,TimeCost:2541.7481212615967
epoch:83,loss:48.820122718811035,TimeCost:2572.2392225265503
epoch:84,loss:48.82009983062744,TimeCost:2602.7812213897705
epoch:85,loss:48.820082664489746,TimeCost:2632.8168199062347
epoch:86,loss:48.82008075714111,TimeCost:2663.4045679569244
epoch:87,loss:48.82010746002197,TimeCost:2694.2811591625214
epoch:88,loss:48.820191383361816,TimeCost:2724.4579071998596
epoch:89,loss:48.82033348083496,TimeCost:2755.6216299533844
epoch:90,loss:48.820387840270996,TimeCost:2785.8818781375885
epoch:91,loss:48.820170402526855,TimeCost:2816.822582960129
epoch:92,loss:48.819929122924805,TimeCost:2847.152312517166
epoch:93,loss:48.81992053985596,TimeCost:2877.5336270332336
epoch:94,loss:48.820024490356445,TimeCost:2907.9845678806305
epoch:95,loss:48.820101737976074,TimeCost:2937.685224533081
epoch:96,loss:48.82007122039795,TimeCost:2968.457771062851
epoch:97,loss:48.819939613342285,TimeCost:2999.4983999729156
epoch:98,loss:48.819809913635254,TimeCost:3030.025511741638
epoch:99,loss:48.81992435455322,TimeCost:3060.94326376915
epoch:100,loss:48.82119083404541,TimeCost:3091.0430204868317
epoch:101,loss:48.823612213134766,TimeCost:3121.0197014808655
epoch:102,loss:48.822317123413086,TimeCost:3151.8723332881927
epoch:103,loss:48.821770668029785,TimeCost:3181.626641511917
epoch:104,loss:48.82125282287598,TimeCost:3211.9157588481903
epoch:105,loss:48.820858001708984,TimeCost:3243.0211565494537
epoch:106,loss:48.820369720458984,TimeCost:3273.70561671257
epoch:107,loss:48.820308685302734,TimeCost:3304.9016642570496
epoch:108,loss:48.82018852233887,TimeCost:3335.602039575577
epoch:109,loss:48.82007026672363,TimeCost:3365.842250108719
epoch:110,loss:48.819945335388184,TimeCost:3396.450206518173
epoch:111,loss:48.82009410858154,TimeCost:3426.8448140621185
epoch:112,loss:48.8200626373291,TimeCost:3457.6162543296814
epoch:113,loss:48.81991195678711,TimeCost:3487.94504570961
epoch:114,loss:48.81995105743408,TimeCost:3518.933137655258
epoch:115,loss:48.820143699645996,TimeCost:3550.0135667324066
epoch:116,loss:48.82057762145996,TimeCost:3580.036431312561
epoch:117,loss:48.821123123168945,TimeCost:3610.894083738327
epoch:118,loss:48.8214168548584,TimeCost:3641.2192664146423
epoch:119,loss:48.821699142456055,TimeCost:3671.165004014969
epoch:120,loss:48.82179260253906,TimeCost:3702.0068259239197
epoch:121,loss:48.82124710083008,TimeCost:3732.947915315628
epoch:122,loss:48.822646141052246,TimeCost:3763.5723235607147
epoch:123,loss:48.82373809814453,TimeCost:3794.391707420349
epoch:124,loss:48.8217248916626,TimeCost:3825.062124490738
epoch:125,loss:48.82129764556885,TimeCost:3855.757185459137
epoch:126,loss:48.821542739868164,TimeCost:3886.7017860412598
epoch:127,loss:48.82102680206299,TimeCost:3917.3032999038696
epoch:128,loss:48.82072448730469,TimeCost:3947.5544459819794
epoch:129,loss:48.820786476135254,TimeCost:3977.686065673828
epoch:130,loss:48.820664405822754,TimeCost:4007.6824431419373
epoch:131,loss:48.820868492126465,TimeCost:4037.3493871688843
epoch:132,loss:48.82100486755371,TimeCost:4068.269469976425
epoch:133,loss:48.8212947845459,TimeCost:4098.767316579819
epoch:134,loss:48.82283020019531,TimeCost:4129.894719839096
epoch:135,loss:48.823405265808105,TimeCost:4160.445539236069
epoch:136,loss:48.822052001953125,TimeCost:4190.772074699402
epoch:137,loss:48.82188606262207,TimeCost:4221.613566398621
epoch:138,loss:48.82192802429199,TimeCost:4251.7707006931305
epoch:139,loss:48.82166767120361,TimeCost:4282.393049955368
epoch:140,loss:48.82194423675537,TimeCost:4312.782463312149
epoch:141,loss:48.82254219055176,TimeCost:4342.9818205833435
epoch:142,loss:48.82207489013672,TimeCost:4373.844916343689
epoch:143,loss:48.821868896484375,TimeCost:4404.725147485733
epoch:144,loss:48.82221031188965,TimeCost:4435.178984880447
epoch:145,loss:48.82199954986572,TimeCost:4466.044551849365
epoch:146,loss:48.82188606262207,TimeCost:4496.532468080521
epoch:147,loss:48.821678161621094,TimeCost:4527.252385377884
epoch:148,loss:48.82182502746582,TimeCost:4557.767862796783
epoch:149,loss:48.82107734680176,TimeCost:4588.400126695633
epoch:150,loss:48.82147693634033,TimeCost:4619.294656991959
epoch:151,loss:48.82190227508545,TimeCost:4650.077612876892
epoch:152,loss:48.822447776794434,TimeCost:4680.312297344208
epoch:153,loss:48.82182502746582,TimeCost:4711.576786518097
epoch:154,loss:48.822306632995605,TimeCost:4742.799378871918
epoch:155,loss:48.82422065734863,TimeCost:4773.096868515015
epoch:156,loss:48.82460689544678,TimeCost:4803.021544456482
epoch:157,loss:48.82167434692383,TimeCost:4833.965918302536
epoch:158,loss:48.82287311553955,TimeCost:4864.926591396332
epoch:159,loss:48.822157859802246,TimeCost:4896.092597484589
epoch:160,loss:48.82143211364746,TimeCost:4926.642191410065
epoch:161,loss:48.82118034362793,TimeCost:4956.639308929443
epoch:162,loss:48.82186222076416,TimeCost:4987.257144451141
epoch:163,loss:48.82249069213867,TimeCost:5017.585299015045
epoch:164,loss:48.822444915771484,TimeCost:5047.826684474945
epoch:165,loss:48.82151985168457,TimeCost:5078.888645887375
epoch:166,loss:48.82165241241455,TimeCost:5109.349290132523
epoch:167,loss:48.82258224487305,TimeCost:5140.096683979034
epoch:168,loss:48.82337760925293,TimeCost:5170.479760885239
epoch:169,loss:48.82273197174072,TimeCost:5201.29628610611
epoch:170,loss:48.82409954071045,TimeCost:5232.065598964691
epoch:171,loss:48.82274913787842,TimeCost:5263.120763540268
epoch:172,loss:48.8228874206543,TimeCost:5294.0933265686035
epoch:173,loss:48.82357406616211,TimeCost:5324.588371038437
epoch:174,loss:48.82317638397217,TimeCost:5354.956566095352
epoch:175,loss:48.823288917541504,TimeCost:5385.489228725433
epoch:176,loss:48.82567882537842,TimeCost:5416.550136566162
epoch:177,loss:48.82548522949219,TimeCost:5447.199406385422
epoch:178,loss:48.82360649108887,TimeCost:5477.924358129501
epoch:179,loss:48.823349952697754,TimeCost:5509.017544031143
epoch:180,loss:48.82255268096924,TimeCost:5539.860308647156
epoch:181,loss:48.8233642578125,TimeCost:5570.989592552185
epoch:182,loss:48.82326602935791,TimeCost:5601.601860284805
epoch:183,loss:48.82283687591553,TimeCost:5632.444129705429
epoch:184,loss:48.822587966918945,TimeCost:5663.241018533707
epoch:185,loss:48.82296371459961,TimeCost:5693.240139722824
epoch:186,loss:48.82178497314453,TimeCost:5724.30917429924
epoch:187,loss:48.82184028625488,TimeCost:5755.0870661735535
epoch:188,loss:48.822157859802246,TimeCost:5786.073961496353
epoch:189,loss:48.82175159454346,TimeCost:5816.846648454666
epoch:190,loss:48.82204627990723,TimeCost:5847.002873182297
epoch:191,loss:48.822415351867676,TimeCost:5877.780809640884
epoch:192,loss:48.822550773620605,TimeCost:5908.184265136719
epoch:193,loss:48.822479248046875,TimeCost:5938.704550027847
epoch:194,loss:48.8223991394043,TimeCost:5969.793724060059
epoch:195,loss:48.8219518661499,TimeCost:6000.572049379349
epoch:196,loss:48.823899269104004,TimeCost:6030.712809562683
epoch:197,loss:48.82329750061035,TimeCost:6061.677449703217
epoch:198,loss:48.822346687316895,TimeCost:6091.775240659714
epoch:199,loss:48.8221321105957,TimeCost:6122.74494767189
