2024-12-26 11:52:22.540321: I tensorflow/core/util/port.cc:153] oneDNN custom operations are on. You may see slightly different numerical results due to floating-point round-off errors from different computation orders. To turn them off, set the environment variable `TF_ENABLE_ONEDNN_OPTS=0`.
2024-12-26 11:52:22.552956: E external/local_xla/xla/stream_executor/cuda/cuda_fft.cc:477] Unable to register cuFFT factory: Attempting to register factory for plugin cuFFT when one has already been registered
WARNING: All log messages before absl::InitializeLog() is called are written to STDERR
E0000 00:00:1735185142.568667 3260345 cuda_dnn.cc:8310] Unable to register cuDNN factory: Attempting to register factory for plugin cuDNN when one has already been registered
E0000 00:00:1735185142.573499 3260345 cuda_blas.cc:1418] Unable to register cuBLAS factory: Attempting to register factory for plugin cuBLAS when one has already been registered
2024-12-26 11:52:22.589286: I tensorflow/core/platform/cpu_feature_guard.cc:210] This TensorFlow binary is optimized to use available CPU instructions in performance-critical operations.
To enable the following instructions: AVX2 AVX512F AVX512_VNNI FMA, in other operations, rebuild TensorFlow with the appropriate compiler flags.
loading data
prepare dataloader
data loaded
start training
epoch:0,loss:0.4533968965212504,TimeCost:154.15319681167603
epoch:1,loss:0.26510714408424163,TimeCost:308.2893490791321
epoch:2,loss:0.18683327734470367,TimeCost:461.6877911090851
epoch:3,loss:0.16096761325995126,TimeCost:615.076639175415
epoch:4,loss:0.15235592756006452,TimeCost:769.1074030399323
epoch:5,loss:0.15028315285841623,TimeCost:925.1469740867615
epoch:6,loss:0.15139169328742558,TimeCost:1081.5935320854187
epoch:7,loss:0.15611811892853844,TimeCost:1236.9771378040314
epoch:8,loss:0.15933015280299717,TimeCost:1391.6102802753448
epoch:9,loss:0.16289041522476408,TimeCost:1547.9033949375153
epoch:10,loss:0.15798456056250465,TimeCost:1703.6727390289307
epoch:11,loss:0.15522590362363392,TimeCost:1859.1490700244904
epoch:12,loss:0.15449615071217218,TimeCost:2012.4640588760376
epoch:13,loss:0.1535425219270918,TimeCost:2166.3197169303894
epoch:14,loss:0.15485148462984297,TimeCost:2320.1709928512573
epoch:15,loss:0.15505764385064444,TimeCost:2472.4308745861053
epoch:16,loss:0.15541713684797287,TimeCost:2625.3146789073944
epoch:17,loss:0.15513129035631815,TimeCost:2778.726795911789
epoch:18,loss:0.1528973744975196,TimeCost:2930.5382730960846
epoch:19,loss:0.15104236288203132,TimeCost:3084.1403391361237
epoch:20,loss:0.15019108603398004,TimeCost:3236.5762605667114
epoch:21,loss:0.15048611991935307,TimeCost:3388.4426136016846
epoch:22,loss:0.1513505619433191,TimeCost:3541.1948852539062
epoch:23,loss:0.1533516686823633,TimeCost:3693.5757524967194
epoch:24,loss:0.15116465091705322,TimeCost:3847.039311647415
epoch:25,loss:0.15078476402494642,TimeCost:3999.1359939575195
epoch:26,loss:0.14914610154098934,TimeCost:4151.465676546097
epoch:27,loss:0.14854145877891117,TimeCost:4305.59863948822
epoch:28,loss:0.1517205536365509,TimeCost:4459.08833527565
epoch:29,loss:0.1512259783016311,TimeCost:4612.188940048218
epoch:30,loss:0.14898710201183954,TimeCost:4765.8216643333435
epoch:31,loss:0.14915713750653797,TimeCost:4921.335012674332
epoch:32,loss:0.1484234407544136,TimeCost:5077.490072250366
epoch:33,loss:0.14803284986151588,TimeCost:5208.141596794128
epoch:34,loss:0.1489022837744819,TimeCost:5334.88920378685
epoch:35,loss:0.14967105040947595,TimeCost:5463.000696659088
epoch:36,loss:0.14836614165041181,TimeCost:5591.271181344986
epoch:37,loss:0.14790216336647669,TimeCost:5717.505460977554
epoch:38,loss:0.148444721268283,TimeCost:5844.8082711696625
epoch:39,loss:0.14842552857266533,TimeCost:5975.451761484146
epoch:40,loss:0.14809951186180115,TimeCost:6131.269562244415
epoch:41,loss:0.14858725004725987,TimeCost:6287.174352645874
epoch:42,loss:0.14952453556987974,TimeCost:6441.4706745147705
epoch:43,loss:0.1477167366279496,TimeCost:6593.728647232056
epoch:44,loss:0.14747351904710135,TimeCost:6746.404602527618
epoch:45,loss:0.14719191773070228,TimeCost:6900.022799253464
epoch:46,loss:0.14684266431464088,TimeCost:7053.503172159195
epoch:47,loss:0.14702277961704466,TimeCost:7207.1255757808685
epoch:48,loss:0.1474997103214264,TimeCost:7360.016656637192
epoch:49,loss:0.14725173678663042,TimeCost:7511.892882347107
epoch:50,loss:0.1467604786157608,TimeCost:7663.76265501976
epoch:51,loss:0.14653797613249886,TimeCost:7817.506907939911
epoch:52,loss:0.1467140946123335,TimeCost:7971.5147252082825
epoch:53,loss:0.14719886167181861,TimeCost:8124.583101987839
epoch:54,loss:0.14827174113856423,TimeCost:8279.593439817429
epoch:55,loss:0.14955776433149973,TimeCost:8432.990496397018
epoch:56,loss:0.14953385376267964,TimeCost:8584.830446481705
epoch:57,loss:0.14979325731595358,TimeCost:8738.384333133698
epoch:58,loss:0.14918303738037744,TimeCost:8891.873223781586
epoch:59,loss:0.14766300221284231,TimeCost:9044.720776557922
epoch:60,loss:0.14754274073574278,TimeCost:9196.733357667923
epoch:61,loss:0.1474006407790714,TimeCost:9349.405074834824
epoch:62,loss:0.14705214649438858,TimeCost:9502.047654867172
epoch:63,loss:0.14656700607803133,TimeCost:9654.488522052765
epoch:64,loss:0.14639822724792692,TimeCost:9808.549733161926
epoch:65,loss:0.14566741552617815,TimeCost:9962.803482294083
epoch:66,loss:0.14534535176224178,TimeCost:10117.226496458054
epoch:67,loss:0.14570521811644235,TimeCost:10271.493649482727
epoch:68,loss:0.14682863569921917,TimeCost:10424.52535033226
epoch:69,loss:0.14721517347627217,TimeCost:10577.022324323654
epoch:70,loss:0.14670728974872166,TimeCost:10728.742755413055
epoch:71,loss:0.1474533039662573,TimeCost:10882.025769472122
epoch:72,loss:0.14749214384290907,TimeCost:11035.256756782532
epoch:73,loss:0.14663572857777277,TimeCost:11188.543591976166
epoch:74,loss:0.14612595488627753,TimeCost:11341.46910071373
epoch:75,loss:0.14675408601760864,TimeCost:11494.554703712463
epoch:76,loss:0.1469913125038147,TimeCost:11648.270488262177
epoch:77,loss:0.1473284810781479,TimeCost:11801.930051803589
epoch:78,loss:0.14771503623988894,TimeCost:11955.310750484467
epoch:79,loss:0.14701238026221594,TimeCost:12106.996213912964
epoch:80,loss:0.1463786909977595,TimeCost:12258.744849443436
epoch:81,loss:0.14673559119304022,TimeCost:12411.302774190903
epoch:82,loss:0.1472426015469763,TimeCost:12564.476171731949
epoch:83,loss:0.14700167377789816,TimeCost:12718.190424203873
epoch:84,loss:0.14714172648058998,TimeCost:12871.553894996643
epoch:85,loss:0.14724033739831713,TimeCost:13023.960651159286
epoch:86,loss:0.1456365759174029,TimeCost:13176.032572031021
epoch:87,loss:0.1451967822180854,TimeCost:13329.704790115356
epoch:88,loss:0.14495104468531078,TimeCost:13483.74242067337
epoch:89,loss:0.14480607046021354,TimeCost:13637.252678871155
epoch:90,loss:0.14481645077466965,TimeCost:13790.459476947784
epoch:91,loss:0.14486346890528998,TimeCost:13943.770939588547
epoch:92,loss:0.14492775085899565,TimeCost:14096.891262054443
epoch:93,loss:0.1450809273454878,TimeCost:14249.302707910538
epoch:94,loss:0.1452531392375628,TimeCost:14401.851824045181
epoch:95,loss:0.1453327313065529,TimeCost:14554.935077905655
epoch:96,loss:0.1454646968179279,TimeCost:14708.979335784912
epoch:97,loss:0.1459012577931086,TimeCost:14860.667134523392
epoch:98,loss:0.145381108754211,TimeCost:15012.221952915192
epoch:99,loss:0.14485952423678505,TimeCost:15164.665107488632
