2025-01-02 15:14:26.712951: I tensorflow/core/util/port.cc:153] oneDNN custom operations are on. You may see slightly different numerical results due to floating-point round-off errors from different computation orders. To turn them off, set the environment variable `TF_ENABLE_ONEDNN_OPTS=0`.
2025-01-02 15:14:26.726158: E external/local_xla/xla/stream_executor/cuda/cuda_fft.cc:477] Unable to register cuFFT factory: Attempting to register factory for plugin cuFFT when one has already been registered
WARNING: All log messages before absl::InitializeLog() is called are written to STDERR
E0000 00:00:1735802066.742232 2993548 cuda_dnn.cc:8310] Unable to register cuDNN factory: Attempting to register factory for plugin cuDNN when one has already been registered
E0000 00:00:1735802066.747186 2993548 cuda_blas.cc:1418] Unable to register cuBLAS factory: Attempting to register factory for plugin cuBLAS when one has already been registered
2025-01-02 15:14:26.763336: I tensorflow/core/platform/cpu_feature_guard.cc:210] This TensorFlow binary is optimized to use available CPU instructions in performance-critical operations.
To enable the following instructions: AVX2 AVX512F AVX512_VNNI FMA, in other operations, rebuild TensorFlow with the appropriate compiler flags.
loading data
prepare dataloader
data loaded
start training
epoch:0,loss:245.04369160946874,TimeCost:236.48084998130798
epoch:1,loss:337.01000107659235,TimeCost:475.75888657569885
epoch:2,loss:199.6053663889567,TimeCost:715.4414885044098
epoch:3,loss:144.2458438873291,TimeCost:955.0364887714386
epoch:4,loss:17.43074867460463,TimeCost:1195.4346225261688
epoch:5,loss:1.5786771120296583,TimeCost:1435.9335741996765
epoch:6,loss:0.4419676839477486,TimeCost:1676.7074918746948
epoch:7,loss:0.2559414837095473,TimeCost:1918.1958570480347
epoch:8,loss:0.18379287918408713,TimeCost:2160.7190771102905
epoch:9,loss:0.1431263486544291,TimeCost:2403.4823729991913
epoch:10,loss:0.11595727358427313,TimeCost:2646.65070772171
epoch:11,loss:0.09635930725683768,TimeCost:2890.1602578163147
epoch:12,loss:0.08144076189233197,TimeCost:3133.448125600815
epoch:13,loss:0.06983304944717222,TimeCost:3376.6357038021088
epoch:14,loss:0.060662877125044666,TimeCost:3619.755940437317
epoch:15,loss:0.05317613927440511,TimeCost:3862.8381583690643
epoch:16,loss:0.04695397098031309,TimeCost:4106.183126926422
epoch:17,loss:0.04185215414812168,TimeCost:4348.757347345352
epoch:18,loss:0.03755626506689522,TimeCost:4591.406409740448
epoch:19,loss:0.0339547969504363,TimeCost:4834.662683725357
epoch:20,loss:0.030897664423618052,TimeCost:5078.348614215851
epoch:21,loss:0.0283391874593993,TimeCost:5321.723095655441
epoch:22,loss:0.026188603084948327,TimeCost:5565.7101674079895
epoch:23,loss:0.024107207026746538,TimeCost:5809.849821805954
epoch:24,loss:0.02236096416082647,TimeCost:6054.4947299957275
epoch:25,loss:0.020831636877523527,TimeCost:6299.449620485306
epoch:26,loss:0.019463554335137207,TimeCost:6543.734167814255
epoch:27,loss:0.01828026598215931,TimeCost:6788.394121646881
epoch:28,loss:0.01723283185209665,TimeCost:7033.26420044899
epoch:29,loss:0.01631723797052271,TimeCost:7275.842977523804
epoch:30,loss:0.015494220295093127,TimeCost:7518.804109573364
epoch:31,loss:0.014752824583815204,TimeCost:7762.388700723648
epoch:32,loss:0.01410442779565023,TimeCost:8005.118212461472
epoch:33,loss:0.013465679819799133,TimeCost:8247.53124499321
epoch:34,loss:0.012963486395569311,TimeCost:8489.665503263474
epoch:35,loss:0.012455000050572885,TimeCost:8733.02353477478
epoch:36,loss:0.012017010969834195,TimeCost:8977.360657453537
epoch:37,loss:0.01159938828398784,TimeCost:9221.653578519821
epoch:38,loss:0.011273121073221168,TimeCost:9466.289697408676
epoch:39,loss:0.01087239351020091,TimeCost:9710.966331481934
epoch:40,loss:0.010593996072808901,TimeCost:9955.565793514252
epoch:41,loss:0.010298131680529978,TimeCost:10199.690717458725
epoch:42,loss:0.010034960681676038,TimeCost:10442.710944652557
epoch:43,loss:0.009774580002865858,TimeCost:10685.632210969925
epoch:44,loss:0.009551316900696192,TimeCost:10928.956558465958
epoch:45,loss:0.009358881080212692,TimeCost:11172.47396016121
epoch:46,loss:0.009171581051001946,TimeCost:11415.587396144867
epoch:47,loss:0.00898636065216528,TimeCost:11656.472955703735
epoch:48,loss:0.008787585551747017,TimeCost:11900.629518985748
epoch:49,loss:0.008652625424373481,TimeCost:12144.867854118347
epoch:50,loss:0.00851432278027965,TimeCost:12389.18430685997
epoch:51,loss:0.008357838559378352,TimeCost:12632.663411855698
epoch:52,loss:0.008261138560353883,TimeCost:12877.336581230164
epoch:53,loss:0.008137130398406751,TimeCost:13121.499903202057
epoch:54,loss:0.008029463998455968,TimeCost:13364.978699922562
epoch:55,loss:0.007877672517982623,TimeCost:13607.820350885391
epoch:56,loss:0.007784954246340526,TimeCost:13850.7752327919
epoch:57,loss:0.007719697560080224,TimeCost:14094.33523106575
epoch:58,loss:0.007627552996079127,TimeCost:14338.335672855377
epoch:59,loss:0.0074987353162012165,TimeCost:14582.971994400024
epoch:60,loss:0.007446554528238873,TimeCost:14827.13980770111
epoch:61,loss:0.007416191071064936,TimeCost:15071.391419172287
epoch:62,loss:0.007309559887895982,TimeCost:15315.217886209488
epoch:63,loss:0.007228558727850516,TimeCost:15559.41897559166
epoch:64,loss:0.007230288724208044,TimeCost:15803.654066562653
epoch:65,loss:0.007301904558618035,TimeCost:16047.443707704544
epoch:66,loss:0.007475076812422938,TimeCost:16292.103227615356
epoch:67,loss:0.007606448127060301,TimeCost:16536.313050746918
epoch:68,loss:0.007413318445388641,TimeCost:16780.932717084885
epoch:69,loss:0.007483200364125271,TimeCost:17025.694410085678
epoch:70,loss:0.009179165250518255,TimeCost:17270.6326379776
epoch:71,loss:0.013168515999697976,TimeCost:17515.55054140091
epoch:72,loss:0.02296513681196504,TimeCost:17759.92485189438
epoch:73,loss:0.019032553666167788,TimeCost:18004.25560927391
epoch:74,loss:0.017659425916564133,TimeCost:18246.374799013138
epoch:75,loss:0.023239299499740202,TimeCost:18491.2735581398
epoch:76,loss:0.012979914046203097,TimeCost:18735.727155447006
epoch:77,loss:0.008669688495703869,TimeCost:18980.201721668243
epoch:78,loss:0.007692026452989214,TimeCost:19224.392382383347
epoch:79,loss:0.006894582869588501,TimeCost:19469.205579519272
epoch:80,loss:0.006789183645095263,TimeCost:19713.174020528793
epoch:81,loss:0.006629400744309856,TimeCost:19956.904792308807
epoch:82,loss:0.0066034458448282546,TimeCost:20200.82776451111
epoch:83,loss:0.0064950092669783365,TimeCost:20445.133682727814
epoch:84,loss:0.006471989016669492,TimeCost:20690.387308359146
epoch:85,loss:0.00642171402513567,TimeCost:20935.22265791893
epoch:86,loss:0.006436232490361565,TimeCost:21180.110541820526
epoch:87,loss:0.006331362865037388,TimeCost:21425.3318734169
epoch:88,loss:0.006354304056407677,TimeCost:21669.973254919052
epoch:89,loss:0.006252762460563745,TimeCost:21915.0382502079
epoch:90,loss:0.006290000203686456,TimeCost:22160.203276395798
epoch:91,loss:0.0062485217090903055,TimeCost:22405.134209632874
epoch:92,loss:0.006269290241309338,TimeCost:22649.78455710411
epoch:93,loss:0.006151499278429482,TimeCost:22894.698484659195
epoch:94,loss:0.006319405989617937,TimeCost:23140.315865516663
epoch:95,loss:0.006252303641910355,TimeCost:23385.606786489487
epoch:96,loss:0.0061699840395400924,TimeCost:23631.198452949524
epoch:97,loss:0.006212351636754142,TimeCost:23876.644223213196
epoch:98,loss:0.00624748099491828,TimeCost:24122.241930246353
epoch:99,loss:0.006357561732228432,TimeCost:24366.864336252213
epoch:100,loss:0.006192072579223249,TimeCost:24611.281984567642
epoch:101,loss:0.0063098666853167945,TimeCost:24855.88494515419
epoch:102,loss:0.006458382768970396,TimeCost:25101.144253730774
epoch:103,loss:0.006584040484287673,TimeCost:25346.62928700447
epoch:104,loss:0.0067122740308857625,TimeCost:25591.928518772125
epoch:105,loss:0.006703494595260256,TimeCost:25837.141785144806
epoch:106,loss:0.006865297845150862,TimeCost:26083.483964443207
epoch:107,loss:0.007085057932676541,TimeCost:26329.297995090485
epoch:108,loss:0.00757834958171265,TimeCost:26574.370118141174
epoch:109,loss:0.009025916030320028,TimeCost:26818.83240222931
epoch:110,loss:0.011633922850402692,TimeCost:27064.018446922302
epoch:111,loss:0.015470701140455075,TimeCost:27308.178406476974
epoch:112,loss:0.01631992429287897,TimeCost:27552.77912926674
epoch:113,loss:0.013742311210888956,TimeCost:27797.636493206024
epoch:114,loss:0.01266503749260058,TimeCost:28043.508018255234
epoch:115,loss:0.009609606492126154,TimeCost:28287.64761710167
epoch:116,loss:0.007991515669143863,TimeCost:28530.47950029373
epoch:117,loss:0.008136208311447667,TimeCost:28773.026799678802
epoch:118,loss:0.007916056499299075,TimeCost:29015.460687875748
epoch:119,loss:0.007103433224579526,TimeCost:29257.92557501793
epoch:120,loss:0.007571190543886688,TimeCost:29500.180169820786
epoch:121,loss:0.007407897863433593,TimeCost:29743.756989479065
epoch:122,loss:0.007164142223902875,TimeCost:29986.870918750763
epoch:123,loss:0.0070819049918403225,TimeCost:30229.23685479164
epoch:124,loss:0.00660819279599107,TimeCost:30471.62594652176
epoch:125,loss:0.007039573405765825,TimeCost:30713.92590379715
epoch:126,loss:0.007071236342502137,TimeCost:30956.119302034378
epoch:127,loss:0.006706680184126728,TimeCost:31198.54860854149
epoch:128,loss:0.006362412370637887,TimeCost:31441.43506336212
epoch:129,loss:0.006567419028013117,TimeCost:31684.192451000214
epoch:130,loss:0.006606937735341489,TimeCost:31926.59331393242
epoch:131,loss:0.006601953516817755,TimeCost:32169.20996570587
epoch:132,loss:0.006826070201997127,TimeCost:32411.06921863556
epoch:133,loss:0.006748481278514696,TimeCost:32652.782393217087
epoch:134,loss:0.006752227161390086,TimeCost:32894.40297985077
epoch:135,loss:0.006629617638989455,TimeCost:33136.24408364296
epoch:136,loss:0.006804543974188467,TimeCost:33378.35759949684
epoch:137,loss:0.006906840950250626,TimeCost:33620.62196469307
epoch:138,loss:0.006912874057888985,TimeCost:33865.371629953384
epoch:139,loss:0.006985248790846931,TimeCost:34111.020495414734
epoch:140,loss:0.006987033256640037,TimeCost:34357.509323596954
epoch:141,loss:0.007121527244129943,TimeCost:34603.45629858971
epoch:142,loss:0.007220564875751734,TimeCost:34849.59904932976
epoch:143,loss:0.00754914409480989,TimeCost:35095.43635725975
epoch:144,loss:0.0075493450793955065,TimeCost:35341.61819648743
epoch:145,loss:0.0075168410160889225,TimeCost:35587.665724515915
epoch:146,loss:0.007615463575348258,TimeCost:35833.61213707924
epoch:147,loss:0.007676596675689022,TimeCost:36079.157717227936
epoch:148,loss:0.007681927967092229,TimeCost:36324.75369858742
epoch:149,loss:0.007648458756092522,TimeCost:36570.272184848785
epoch:150,loss:0.007576962920009262,TimeCost:36816.27574634552
epoch:151,loss:0.007407767361857825,TimeCost:37062.36686730385
epoch:152,loss:0.0078014918189081885,TimeCost:37308.890864133835
epoch:153,loss:0.00796657375111762,TimeCost:37555.86068844795
epoch:154,loss:0.008016573510960572,TimeCost:37802.697048187256
epoch:155,loss:0.008144636185736291,TimeCost:38049.373526096344
epoch:156,loss:0.008492496200940676,TimeCost:38296.300428152084
epoch:157,loss:0.00903124029799882,TimeCost:38542.952498435974
epoch:158,loss:0.00925515138078481,TimeCost:38789.47326207161
epoch:159,loss:0.010648192708484001,TimeCost:39035.558801174164
epoch:160,loss:0.009984723512186773,TimeCost:39282.99255681038
epoch:161,loss:0.00887458109193378,TimeCost:39530.416803359985
epoch:162,loss:0.008341742666541703,TimeCost:39777.762674331665
epoch:163,loss:0.00884160678833723,TimeCost:40024.77771282196
epoch:164,loss:0.010306744241259165,TimeCost:40272.203070402145
epoch:165,loss:0.00998272808889548,TimeCost:40519.49352645874
epoch:166,loss:0.009099176451046433,TimeCost:40766.23851752281
epoch:167,loss:0.009369060423018204,TimeCost:41012.40684914589
epoch:168,loss:0.010478323687695794,TimeCost:41258.72478222847
epoch:169,loss:0.010179074325909218,TimeCost:41505.358879327774
epoch:170,loss:0.010219505108478997,TimeCost:41752.02104353905
epoch:171,loss:0.011545042817791304,TimeCost:41998.2808971405
epoch:172,loss:0.011961419652733538,TimeCost:42244.47677373886
epoch:173,loss:0.013893891824409366,TimeCost:42491.599972486496
epoch:174,loss:0.011924585107610457,TimeCost:42737.72296047211
epoch:175,loss:0.010539564278183712,TimeCost:42984.061789512634
epoch:176,loss:0.00939483028681328,TimeCost:43231.40627336502
epoch:177,loss:0.009430053501596881,TimeCost:43452.52052617073
epoch:178,loss:0.009532217324400941,TimeCost:43699.258195877075
epoch:179,loss:0.01067551621235907,TimeCost:43918.016285181046
epoch:180,loss:0.01090871943678293,TimeCost:44136.92678022385
epoch:181,loss:0.01116104562404669,TimeCost:44354.556367874146
epoch:182,loss:0.018603236311011843,TimeCost:44572.946763277054
epoch:183,loss:0.016280195805140667,TimeCost:44791.69030690193
epoch:184,loss:0.01478985645290878,TimeCost:45009.53884315491
epoch:185,loss:0.015043443612133464,TimeCost:45227.255430459976
epoch:186,loss:0.01443649323967596,TimeCost:45445.74474263191
epoch:187,loss:0.022007648445044953,TimeCost:45663.399624586105
epoch:188,loss:3331730.170821389,TimeCost:45875.31451296806
epoch:189,loss:7551832.829861111,TimeCost:46093.88928246498
epoch:190,loss:531368.2146809896,TimeCost:46327.9186360836
epoch:191,loss:36001.45088704427,TimeCost:46571.59951400757
epoch:192,loss:5772.983011881511,TimeCost:46813.98103094101
epoch:193,loss:2801.75491672092,TimeCost:47051.844403743744
epoch:194,loss:2004.103283352322,TimeCost:47292.53154826164
epoch:195,loss:1580.8949330647786,TimeCost:47538.67426609993
epoch:196,loss:1304.6005079481338,TimeCost:47766.720689058304
epoch:197,loss:1110.0277854071724,TimeCost:47985.81694602966
epoch:198,loss:961.3341598510742,TimeCost:48205.28286981583
epoch:199,loss:844.1760898166233,TimeCost:48425.441986083984
