2024-12-29 13:40:45.683666: I tensorflow/core/util/port.cc:153] oneDNN custom operations are on. You may see slightly different numerical results due to floating-point round-off errors from different computation orders. To turn them off, set the environment variable `TF_ENABLE_ONEDNN_OPTS=0`.
2024-12-29 13:40:46.495516: E external/local_xla/xla/stream_executor/cuda/cuda_fft.cc:477] Unable to register cuFFT factory: Attempting to register factory for plugin cuFFT when one has already been registered
WARNING: All log messages before absl::InitializeLog() is called are written to STDERR
E0000 00:00:1735450846.754374 1645535 cuda_dnn.cc:8310] Unable to register cuDNN factory: Attempting to register factory for plugin cuDNN when one has already been registered
E0000 00:00:1735450846.836408 1645535 cuda_blas.cc:1418] Unable to register cuBLAS factory: Attempting to register factory for plugin cuBLAS when one has already been registered
2024-12-29 13:40:47.547981: I tensorflow/core/platform/cpu_feature_guard.cc:210] This TensorFlow binary is optimized to use available CPU instructions in performance-critical operations.
To enable the following instructions: AVX2 AVX512F AVX512_VNNI FMA, in other operations, rebuild TensorFlow with the appropriate compiler flags.
loading data
prepare dataloader
data loaded
start training
epoch:0,loss:0.0770560153760016,TimeCost:267.2444453239441
epoch:1,loss:0.016551366075873375,TimeCost:535.5575432777405
epoch:2,loss:0.012005414580926299,TimeCost:797.4662692546844
epoch:3,loss:0.009735830593854189,TimeCost:1053.3020286560059
epoch:4,loss:0.008647325681522489,TimeCost:1309.5066754817963
epoch:5,loss:0.007479337626136839,TimeCost:1560.6316862106323
epoch:6,loss:0.006692968658171594,TimeCost:1813.512805223465
epoch:7,loss:0.006207930389791727,TimeCost:2063.530835866928
epoch:8,loss:0.005888717947527766,TimeCost:2310.216634273529
epoch:9,loss:0.0055793216452002525,TimeCost:2548.2792670726776
epoch:10,loss:0.005351453204639256,TimeCost:2790.0284214019775
epoch:11,loss:0.005181804415769875,TimeCost:3041.213785171509
epoch:12,loss:0.0050335952546447515,TimeCost:3283.2252945899963
epoch:13,loss:0.004897722625173628,TimeCost:3520.3171095848083
epoch:14,loss:0.004773205379024148,TimeCost:3764.3746767044067
epoch:15,loss:0.0046617897460237145,TimeCost:3999.944927930832
epoch:16,loss:0.004540665657259524,TimeCost:4240.688891172409
epoch:17,loss:0.00443378568161279,TimeCost:4480.237979412079
epoch:18,loss:0.004332959884777665,TimeCost:4722.084244966507
epoch:19,loss:0.0042393135372549295,TimeCost:4960.2047691345215
epoch:20,loss:0.004156957962550223,TimeCost:5194.231512784958
epoch:21,loss:0.004205893841572106,TimeCost:5425.446390628815
epoch:22,loss:0.005527906818315387,TimeCost:5659.6755611896515
epoch:23,loss:0.004883719724602997,TimeCost:5890.682631254196
epoch:24,loss:0.00458061508834362,TimeCost:6124.760886669159
epoch:25,loss:0.0043750162003561854,TimeCost:6356.871851444244
epoch:26,loss:0.004310383694246411,TimeCost:6590.246652364731
epoch:27,loss:0.004222267889417708,TimeCost:6824.050353050232
epoch:28,loss:0.004113200702704489,TimeCost:7057.91196680069
epoch:29,loss:0.004043297725729644,TimeCost:7291.563084363937
epoch:30,loss:0.0039897552924230695,TimeCost:7521.783079624176
epoch:31,loss:0.003936115594115108,TimeCost:7756.478358745575
epoch:32,loss:0.0038925305707380176,TimeCost:7987.870987415314
epoch:33,loss:0.0038631196366623044,TimeCost:8218.311062335968
epoch:34,loss:0.00383940152823925,TimeCost:8453.077323675156
epoch:35,loss:0.0038154353969730437,TimeCost:8682.808728456497
epoch:36,loss:0.00380314071662724,TimeCost:8912.525420427322
epoch:37,loss:0.003788703237660229,TimeCost:9144.501389503479
epoch:38,loss:0.003773363132495433,TimeCost:9376.133512020111
epoch:39,loss:0.0037618085625581443,TimeCost:9607.623195648193
epoch:40,loss:0.003750848874915391,TimeCost:9839.756619215012
epoch:41,loss:0.0037392310914583504,TimeCost:10069.292450666428
epoch:42,loss:0.003728795505594462,TimeCost:10298.369282722473
epoch:43,loss:0.0037188936257734895,TimeCost:10529.877889871597
epoch:44,loss:0.003709586162585765,TimeCost:10758.727952003479
epoch:45,loss:0.003700586676131934,TimeCost:10989.477343559265
epoch:46,loss:0.0036917938850820065,TimeCost:11218.278331279755
epoch:47,loss:0.003683204995468259,TimeCost:11446.971868991852
epoch:48,loss:0.003674934327136725,TimeCost:11675.989879608154
epoch:49,loss:0.003666424425318837,TimeCost:11905.266329526901
epoch:50,loss:0.003658247645944357,TimeCost:12135.743745803833
epoch:51,loss:0.003649872844107449,TimeCost:12367.530023097992
epoch:52,loss:0.003641566669102758,TimeCost:12598.959993600845
epoch:53,loss:0.003633453045040369,TimeCost:12830.792638540268
epoch:54,loss:0.003625547979027033,TimeCost:13060.649327516556
epoch:55,loss:0.003617367707192898,TimeCost:13289.122519493103
epoch:56,loss:0.003610511776059866,TimeCost:13519.45755147934
epoch:57,loss:0.0036154904519207776,TimeCost:13749.30919957161
epoch:58,loss:0.003706345218233764,TimeCost:13977.738609552383
epoch:59,loss:0.00381932663731277,TimeCost:14207.076394796371
epoch:60,loss:0.0036396878422237933,TimeCost:14437.306017398834
epoch:61,loss:0.003609202045481652,TimeCost:14669.7091858387
epoch:62,loss:0.0035929905134253204,TimeCost:14900.456493377686
epoch:63,loss:0.003585395694244653,TimeCost:15135.16899895668
epoch:64,loss:0.0035694914986379445,TimeCost:15364.286405801773
epoch:65,loss:0.003559792530722916,TimeCost:15594.36066365242
epoch:66,loss:0.0035194590454921126,TimeCost:15823.951521396637
epoch:67,loss:0.0034867622889578342,TimeCost:16054.59248661995
epoch:68,loss:0.003423563379328698,TimeCost:16284.978619813919
epoch:69,loss:0.003375385538674891,TimeCost:16514.9965801239
epoch:70,loss:0.0032954722992144525,TimeCost:16745.429005384445
epoch:71,loss:0.003224751795642078,TimeCost:16973.857838630676
epoch:72,loss:0.0031949140829965472,TimeCost:17203.949086904526
epoch:73,loss:0.003409238823223859,TimeCost:17435.148233175278
epoch:74,loss:0.003300084441434592,TimeCost:17666.191965579987
epoch:75,loss:0.003151985991280526,TimeCost:17896.85896539688
epoch:76,loss:0.0030348998261615634,TimeCost:18126.26366329193
epoch:77,loss:0.0028302640421316028,TimeCost:18358.68452978134
epoch:78,loss:0.0027333353646099567,TimeCost:18587.108855962753
epoch:79,loss:0.0028541107894852757,TimeCost:18817.310388565063
epoch:80,loss:0.003350992512423545,TimeCost:19047.72373867035
epoch:81,loss:0.0027647673268802464,TimeCost:19281.562983751297
epoch:82,loss:0.0026288595981895924,TimeCost:19512.41170310974
epoch:83,loss:0.0025345588219352067,TimeCost:19746.80114889145
epoch:84,loss:0.002456196816638112,TimeCost:19981.206677675247
epoch:85,loss:0.0023735600989311934,TimeCost:20213.181339502335
epoch:86,loss:0.0023426463012583554,TimeCost:20446.57087993622
epoch:87,loss:0.0026011706213466823,TimeCost:20683.207166433334
epoch:88,loss:0.0027880138368345797,TimeCost:20915.082954645157
epoch:89,loss:0.0025642060209065676,TimeCost:21146.535987138748
epoch:90,loss:0.002424722071737051,TimeCost:21380.265990018845
epoch:91,loss:0.002342448919080198,TimeCost:21613.170580863953
epoch:92,loss:0.00227525073569268,TimeCost:21847.41389274597
epoch:93,loss:0.002262319263536483,TimeCost:22081.451991081238
epoch:94,loss:0.002213870990090072,TimeCost:22312.92121863365
epoch:95,loss:0.002250996301881969,TimeCost:22547.975879907608
epoch:96,loss:0.0026667521451599896,TimeCost:22779.040979385376
epoch:97,loss:0.0025527768302708864,TimeCost:23010.199338197708
epoch:98,loss:0.0023386734537780285,TimeCost:23239.049922704697
epoch:99,loss:0.002257096173707396,TimeCost:23471.522208213806
epoch:100,loss:0.0022062392672523856,TimeCost:23702.57918548584
epoch:101,loss:0.0021787434816360474,TimeCost:23931.173372507095
epoch:102,loss:0.002151366148609668,TimeCost:24162.40475153923
epoch:103,loss:0.002133479167241603,TimeCost:24391.174780130386
epoch:104,loss:0.00211663160007447,TimeCost:24625.522067785263
epoch:105,loss:0.002114769711624831,TimeCost:24854.341732025146
epoch:106,loss:0.002100345736835152,TimeCost:25083.124992370605
epoch:107,loss:0.002089687157422304,TimeCost:25312.032593250275
epoch:108,loss:0.0020788275287486613,TimeCost:25541.68875193596
epoch:109,loss:0.0020723057677969337,TimeCost:25776.550767421722
epoch:110,loss:0.0020642162999138236,TimeCost:26006.87681388855
epoch:111,loss:0.002058610145468265,TimeCost:26235.596878290176
epoch:112,loss:0.0020526328589767218,TimeCost:26464.218824148178
epoch:113,loss:0.0020470701856538653,TimeCost:26698.397849798203
epoch:114,loss:0.002045387984253466,TimeCost:26925.405535697937
epoch:115,loss:0.002037865750025958,TimeCost:27155.21599006653
epoch:116,loss:0.002035530051216483,TimeCost:27385.4784181118
epoch:117,loss:0.002038499398622662,TimeCost:27618.757051467896
epoch:118,loss:0.0020417399937286973,TimeCost:27853.94301342964
epoch:119,loss:0.002047908492386341,TimeCost:28087.04996752739
epoch:120,loss:0.0020685529452748597,TimeCost:28319.431928634644
epoch:121,loss:0.0020622644224204123,TimeCost:28553.137191295624
epoch:122,loss:0.002021628140937537,TimeCost:28785.54369854927
epoch:123,loss:0.0020154461381025612,TimeCost:29016.55481314659
epoch:124,loss:0.002013348916079849,TimeCost:29248.153708696365
epoch:125,loss:0.0020283808698877692,TimeCost:29479.948570728302
epoch:126,loss:0.002116439864039421,TimeCost:29709.709166526794
epoch:127,loss:0.0021081012673676014,TimeCost:29939.386424779892
epoch:128,loss:0.002034319331869483,TimeCost:30168.711175203323
epoch:129,loss:0.0020215680706314743,TimeCost:30397.677107334137
epoch:130,loss:0.0020111168560106307,TimeCost:30629.638215065002
epoch:131,loss:0.002003862988203764,TimeCost:30857.69720029831
epoch:132,loss:0.0020016872440464795,TimeCost:31086.68773174286
epoch:133,loss:0.0019975384057033807,TimeCost:31318.751081705093
epoch:134,loss:0.001997928600758314,TimeCost:31548.308148145676
epoch:135,loss:0.0020146924653090537,TimeCost:31778.347724437714
epoch:136,loss:0.001996168546611443,TimeCost:32009.311375379562
epoch:137,loss:0.0019990005530416965,TimeCost:32240.51060461998
epoch:138,loss:0.0019893854623660445,TimeCost:32470.759649038315
epoch:139,loss:0.001990031247260049,TimeCost:32701.023072719574
epoch:140,loss:0.0019824485352728516,TimeCost:32929.43936777115
epoch:141,loss:0.0019746077014133334,TimeCost:33160.73738694191
epoch:142,loss:0.0019788745266851038,TimeCost:33389.426960229874
epoch:143,loss:0.002012896118685603,TimeCost:33620.03038954735
epoch:144,loss:0.002108365122694522,TimeCost:33850.4721634388
epoch:145,loss:0.002000756881898269,TimeCost:34080.413400650024
epoch:146,loss:0.001987049909075722,TimeCost:34310.781682014465
epoch:147,loss:0.001983657304663211,TimeCost:34539.78234696388
epoch:148,loss:0.0019699414842762053,TimeCost:34768.94065475464
epoch:149,loss:0.0019645395514089614,TimeCost:34998.48040723801
epoch:150,loss:0.0019537689222488552,TimeCost:35228.09445261955
epoch:151,loss:0.001949299476109445,TimeCost:35458.75063872337
epoch:152,loss:0.0019518513872753829,TimeCost:35691.82809329033
epoch:153,loss:0.00194002510397695,TimeCost:35925.40446329117
epoch:154,loss:0.0019378890574444085,TimeCost:36156.20708608627
epoch:155,loss:0.0019384965708013624,TimeCost:36385.334300756454
epoch:156,loss:0.0019359501893632114,TimeCost:36615.94587635994
epoch:157,loss:0.0019320798455737531,TimeCost:36847.48467206955
epoch:158,loss:0.0019310113857500255,TimeCost:37075.5285422802
epoch:159,loss:0.0019378977012820542,TimeCost:37306.48775744438
epoch:160,loss:0.0019543653761502355,TimeCost:37535.802124500275
epoch:161,loss:0.0019756046240217984,TimeCost:37764.98520946503
epoch:162,loss:0.001958590670255944,TimeCost:37993.603504657745
epoch:163,loss:0.0019264983129687607,TimeCost:38223.170037031174
epoch:164,loss:0.001924447889905423,TimeCost:38454.43990492821
epoch:165,loss:0.0019243706483393908,TimeCost:38685.52310729027
epoch:166,loss:0.0019322053994983435,TimeCost:38914.429565668106
epoch:167,loss:0.0019233187776990235,TimeCost:39144.41812491417
epoch:168,loss:0.0019243164861109108,TimeCost:39374.53970861435
epoch:169,loss:0.0019492561114020646,TimeCost:39603.360493183136
epoch:170,loss:0.0020025651901960373,TimeCost:39832.943995952606
epoch:171,loss:0.0019640088139567524,TimeCost:40063.6568069458
epoch:172,loss:0.0019563790410757065,TimeCost:40294.825412511826
epoch:173,loss:0.0019281337154097855,TimeCost:40524.96134734154
epoch:174,loss:0.00193185789976269,TimeCost:40753.048649311066
epoch:175,loss:0.0019203847041353583,TimeCost:40983.20353889465
epoch:176,loss:0.0019091061258222908,TimeCost:41211.22852611542
epoch:177,loss:0.0019035275909118354,TimeCost:41440.99368453026
epoch:178,loss:0.0019051643030252308,TimeCost:41670.12518405914
epoch:179,loss:0.0019746535399463028,TimeCost:41899.16803264618
epoch:180,loss:0.002305947302374989,TimeCost:42128.96726632118
epoch:181,loss:0.0020204832253511995,TimeCost:42359.332777261734
epoch:182,loss:0.0019710121559910476,TimeCost:42587.58708524704
epoch:183,loss:0.0019450370455160737,TimeCost:42817.79006290436
epoch:184,loss:0.0019326024048496038,TimeCost:43048.81530666351
epoch:185,loss:0.0019314888340886682,TimeCost:43281.62534236908
epoch:186,loss:0.001926315773744136,TimeCost:43510.08897089958
epoch:187,loss:0.0019843597256112844,TimeCost:43740.83777976036
epoch:188,loss:0.0019617353682406247,TimeCost:43968.872121572495
epoch:189,loss:0.0019489145779516548,TimeCost:44202.64838051796
epoch:190,loss:0.002003910194616765,TimeCost:44435.27044391632
epoch:191,loss:0.002020237850956619,TimeCost:44667.892481803894
epoch:192,loss:0.0020025101548526436,TimeCost:44901.01141953468
epoch:193,loss:0.0019802239257842302,TimeCost:45131.93708539009
epoch:194,loss:0.0019429676467552781,TimeCost:45362.01784610748
epoch:195,loss:0.0019052781572099775,TimeCost:45596.342638492584
epoch:196,loss:0.0018868852057494223,TimeCost:45828.83513855934
epoch:197,loss:0.0018806061707437038,TimeCost:46060.97654771805
epoch:198,loss:0.0018796583754010499,TimeCost:46294.56389641762
epoch:199,loss:0.0018692475568968803,TimeCost:46527.330619096756
